SF:D:\Development\dotnet\callisto\src\Callisto.Base.Module\BaseModule.cs
FN:21,Callisto.SharedModels.Base.IBaseRepository Callisto.Base.Module.BaseModule::get_Repository()
FNDA:0,Callisto.SharedModels.Base.IBaseRepository Callisto.Base.Module.BaseModule::get_Repository()
DA:22,0
FN:13,System.Void Callisto.Base.Module.BaseModule::.ctor(Callisto.SharedModels.Base.IBaseRepository)
FNDA:7,System.Void Callisto.Base.Module.BaseModule::.ctor(Callisto.SharedModels.Base.IBaseRepository)
DA:14,7
DA:15,7
DA:16,7
DA:17,7
LF:5
LH:4
BRF:0
BRH:0
FNF:2
FNH:1
end_of_record
SF:D:\Development\dotnet\callisto\src\Callisto.Base.Module\BaseRepository.cs
FN:30,T Callisto.Base.Module.BaseRepository`1::get_Context()
FNDA:0,T Callisto.Base.Module.BaseRepository`1::get_Context()
DA:31,0
DA:33,0
DA:34,0
DA:35,0
DA:36,0
DA:37,0
DA:38,0
DA:39,0
DA:41,0
DA:42,0
BRDA:33,12,0,0
BRDA:33,29,0,0
BRDA:33,52,0,0
BRDA:33,12,1,0
BRDA:33,29,1,0
BRDA:33,52,1,0
BRDA:33,86,0,0
BRDA:33,86,1,0
FN:19,System.Void Callisto.Base.Module.BaseRepository`1::.ctor(T)
FNDA:7,System.Void Callisto.Base.Module.BaseRepository`1::.ctor(T)
DA:20,7
DA:21,7
DA:22,7
DA:23,7
LF:14
LH:4
BRF:8
BRH:0
FNF:2
FNH:1
end_of_record
SF:D:\Development\dotnet\callisto\src\Callisto.Base.Person\Repository\PersonDbContext.cs
FN:21,Microsoft.EntityFrameworkCore.DbSet`1<T> Callisto.Base.Person.Repository.PersonDbContext`1::get_People()
FNDA:3,Microsoft.EntityFrameworkCore.DbSet`1<T> Callisto.Base.Person.Repository.PersonDbContext`1::get_People()
DA:22,3
FN:14,System.Void Callisto.Base.Person.Repository.PersonDbContext`1::.ctor(Microsoft.EntityFrameworkCore.DbContextOptions)
FNDA:3,System.Void Callisto.Base.Person.Repository.PersonDbContext`1::.ctor(Microsoft.EntityFrameworkCore.DbContextOptions)
DA:15,3
DA:16,3
DA:17,3
LF:4
LH:4
BRF:0
BRH:0
FNF:2
FNH:2
end_of_record
SF:D:\Development\dotnet\callisto\src\Callisto.Base.Person\PersonModule.cs
FN:27,Callisto.SharedModels.Person.IPersonRepository`1<T> Callisto.Provider.Person.PersonModule`1::get_PersonRepo()
FNDA:0,Callisto.SharedModels.Person.IPersonRepository`1<T> Callisto.Provider.Person.PersonModule`1::get_PersonRepo()
DA:28,0
FN:19,System.Void Callisto.Provider.Person.PersonModule`1::.ctor(Callisto.SharedModels.Person.IPersonRepository`1<T>)
FNDA:3,System.Void Callisto.Provider.Person.PersonModule`1::.ctor(Callisto.SharedModels.Person.IPersonRepository`1<T>)
DA:20,3
DA:21,3
DA:22,3
DA:23,3
FN:35,System.Void Callisto.Provider.Person.PersonModule`1/<AddPerson>d__4::MoveNext()
FNDA:0,System.Void Callisto.Provider.Person.PersonModule`1/<AddPerson>d__4::MoveNext()
DA:36,0
DA:37,0
DA:38,0
BRDA:37,50,0,0
BRDA:37,50,1,0
FN:45,System.Void Callisto.Provider.Person.PersonModule`1/<GetPeople>d__5::MoveNext()
FNDA:0,System.Void Callisto.Provider.Person.PersonModule`1/<GetPeople>d__5::MoveNext()
DA:46,0
DA:47,0
DA:48,0
BRDA:47,50,0,0
BRDA:47,50,1,0
FN:55,System.Void Callisto.Provider.Person.PersonModule`1/<GetPerson>d__6::MoveNext()
FNDA:0,System.Void Callisto.Provider.Person.PersonModule`1/<GetPerson>d__6::MoveNext()
DA:56,0
DA:57,0
DA:58,0
BRDA:57,50,0,0
BRDA:57,50,1,0
FN:65,System.Void Callisto.Provider.Person.PersonModule`1/<GetPersonByUserId>d__7::MoveNext()
FNDA:0,System.Void Callisto.Provider.Person.PersonModule`1/<GetPersonByUserId>d__7::MoveNext()
DA:66,0
DA:67,0
DA:68,0
BRDA:67,50,0,0
BRDA:67,50,1,0
FN:75,System.Void Callisto.Provider.Person.PersonModule`1/<GetPerson>d__8::MoveNext()
FNDA:0,System.Void Callisto.Provider.Person.PersonModule`1/<GetPerson>d__8::MoveNext()
DA:76,0
DA:77,0
DA:78,0
BRDA:77,50,0,0
BRDA:77,50,1,0
FN:85,System.Void Callisto.Provider.Person.PersonModule`1/<RemovePerson>d__9::MoveNext()
FNDA:0,System.Void Callisto.Provider.Person.PersonModule`1/<RemovePerson>d__9::MoveNext()
DA:86,0
DA:87,0
DA:88,0
BRDA:87,50,0,0
BRDA:87,50,1,0
FN:95,System.Void Callisto.Provider.Person.PersonModule`1/<UpdatePerson>d__10::MoveNext()
FNDA:0,System.Void Callisto.Provider.Person.PersonModule`1/<UpdatePerson>d__10::MoveNext()
DA:96,0
DA:97,0
DA:98,0
BRDA:97,50,0,0
BRDA:97,50,1,0
LF:26
LH:4
BRF:14
BRH:0
FNF:9
FNH:1
end_of_record
SF:D:\Development\dotnet\callisto\src\Callisto.Base.Person\Repository\PersonRepository.cs
FN:23,System.Void Callisto.Provider.Person.Repository.PersonRepository`1::.ctor(Callisto.Base.Person.Repository.PersonDbContext`1<T>)
FNDA:3,System.Void Callisto.Provider.Person.Repository.PersonRepository`1::.ctor(Callisto.Base.Person.Repository.PersonDbContext`1<T>)
DA:24,3
DA:25,3
DA:26,3
FN:33,System.Void Callisto.Provider.Person.Repository.PersonRepository`1/<AddPerson>d__1::MoveNext()
FNDA:0,System.Void Callisto.Provider.Person.Repository.PersonRepository`1/<AddPerson>d__1::MoveNext()
DA:34,0
DA:35,0
DA:36,0
DA:37,0
BRDA:34,14,0,0
BRDA:35,75,0,0
BRDA:35,75,1,0
BRDA:36,191,0,0
BRDA:34,14,1,0
BRDA:36,191,1,0
FN:43,System.Void Callisto.Provider.Person.Repository.PersonRepository`1/<GetPeople>d__2::MoveNext()
FNDA:0,System.Void Callisto.Provider.Person.Repository.PersonRepository`1/<GetPeople>d__2::MoveNext()
DA:44,0
DA:45,0
DA:47,0
DA:48,0
BRDA:45,229,0,0
BRDA:45,229,1,0
FN:55,System.Void Callisto.Provider.Person.Repository.PersonRepository`1/<GetPerson>d__3::MoveNext()
FNDA:0,System.Void Callisto.Provider.Person.Repository.PersonRepository`1/<GetPerson>d__3::MoveNext()
DA:56,0
DA:57,0
DA:58,0
BRDA:57,193,0,0
BRDA:57,193,1,0
FN:65,System.Void Callisto.Provider.Person.Repository.PersonRepository`1/<GetPersonByUserId>d__4::MoveNext()
FNDA:0,System.Void Callisto.Provider.Person.Repository.PersonRepository`1/<GetPersonByUserId>d__4::MoveNext()
DA:66,0
DA:67,0
DA:68,0
DA:69,0
DA:72,0
DA:73,0
BRDA:67,64,0,0
BRDA:67,64,1,0
BRDA:72,228,0,0
BRDA:72,228,1,0
FN:80,System.Void Callisto.Provider.Person.Repository.PersonRepository`1/<GetPerson>d__5::MoveNext()
FNDA:0,System.Void Callisto.Provider.Person.Repository.PersonRepository`1/<GetPerson>d__5::MoveNext()
DA:81,0
DA:82,0
DA:83,0
BRDA:82,209,0,0
BRDA:82,209,1,0
FN:90,System.Void Callisto.Provider.Person.Repository.PersonRepository`1/<RemovePerson>d__6::MoveNext()
FNDA:0,System.Void Callisto.Provider.Person.Repository.PersonRepository`1/<RemovePerson>d__6::MoveNext()
DA:91,0
DA:92,0
DA:93,0
DA:94,0
BRDA:93,71,0,0
BRDA:93,71,1,0
FN:101,System.Void Callisto.Provider.Person.Repository.PersonRepository`1/<UpdatePerson>d__7::MoveNext()
FNDA:0,System.Void Callisto.Provider.Person.Repository.PersonRepository`1/<UpdatePerson>d__7::MoveNext()
DA:102,0
DA:103,0
DA:104,0
DA:105,0
BRDA:104,81,0,0
BRDA:104,81,1,0
LF:31
LH:3
BRF:20
BRH:0
FNF:8
FNH:1
end_of_record
SF:D:\Development\dotnet\callisto\src\Callisto.Core.Messaging\MessageCoordinator.cs
FN:42,Callisto.SharedKernel.Messaging.MessageExchangeConfig Callisto.Core.Messaging.MessageCoordinator::get_Config()
FNDA:0,Callisto.SharedKernel.Messaging.MessageExchangeConfig Callisto.Core.Messaging.MessageCoordinator::get_Config()
DA:43,0
FN:47,RabbitMQ.Client.IConnection Callisto.Core.Messaging.MessageCoordinator::get_Connection()
FNDA:0,RabbitMQ.Client.IConnection Callisto.Core.Messaging.MessageCoordinator::get_Connection()
DA:48,0
FN:52,System.Collections.Generic.Dictionary`2<System.Type,Callisto.SharedKernel.Messaging.MessageConsumeConfig> Callisto.Core.Messaging.MessageCoordinator::get_Consumers()
FNDA:0,System.Collections.Generic.Dictionary`2<System.Type,Callisto.SharedKernel.Messaging.MessageConsumeConfig> Callisto.Core.Messaging.MessageCoordinator::get_Consumers()
DA:53,0
FN:57,System.Collections.Generic.Dictionary`2<System.Type,Callisto.SharedKernel.Messaging.MessagePublishConfig> Callisto.Core.Messaging.MessageCoordinator::get_Publishers()
FNDA:0,System.Collections.Generic.Dictionary`2<System.Type,Callisto.SharedKernel.Messaging.MessagePublishConfig> Callisto.Core.Messaging.MessageCoordinator::get_Publishers()
DA:58,0
FN:62,System.IServiceProvider Callisto.Core.Messaging.MessageCoordinator::get_ServiceProvider()
FNDA:0,System.IServiceProvider Callisto.Core.Messaging.MessageCoordinator::get_ServiceProvider()
DA:63,0
FN:67,System.Text.Encoding Callisto.Core.Messaging.MessageCoordinator::get_DefaultEncoding()
FNDA:0,System.Text.Encoding Callisto.Core.Messaging.MessageCoordinator::get_DefaultEncoding()
DA:68,0
FN:72,System.Collections.Generic.Dictionary`2<System.Type,System.Collections.Generic.IEnumerable`1<RabbitMQ.Client.Events.AsyncEventingBasicConsumer>> Callisto.Core.Messaging.MessageCoordinator::get_RunningConsumers()
FNDA:0,System.Collections.Generic.Dictionary`2<System.Type,System.Collections.Generic.IEnumerable`1<RabbitMQ.Client.Events.AsyncEventingBasicConsumer>> Callisto.Core.Messaging.MessageCoordinator::get_RunningConsumers()
DA:73,0
FN:80,System.Void Callisto.Core.Messaging.MessageCoordinator::Consume(System.Func`2<Callisto.SharedModels.Messaging.ConsumeContextMessage`1<T>,System.Threading.Tasks.Task`1<Callisto.SharedKernel.Messaging.IMessageResult>>)
FNDA:0,System.Void Callisto.Core.Messaging.MessageCoordinator::Consume(System.Func`2<Callisto.SharedModels.Messaging.ConsumeContextMessage`1<T>,System.Threading.Tasks.Task`1<Callisto.SharedKernel.Messaging.IMessageResult>>)
DA:81,0
DA:82,0
DA:83,0
DA:84,0
BRDA:82,33,0,0
BRDA:82,33,1,0
FN:91,System.Void Callisto.Core.Messaging.MessageCoordinator::Publish(T,Callisto.SharedModels.Session.ICallistoSession)
FNDA:0,System.Void Callisto.Core.Messaging.MessageCoordinator::Publish(T,Callisto.SharedModels.Session.ICallistoSession)
DA:92,0
DA:93,0
DA:94,0
DA:95,0
DA:96,0
DA:97,0
DA:98,0
DA:99,0
DA:100,0
DA:101,0
DA:103,0
DA:104,0
DA:105,0
DA:106,0
DA:107,0
DA:108,0
BRDA:103,92,0,0
BRDA:103,92,1,0
FN:114,System.Void Callisto.Core.Messaging.MessageCoordinator::StopConsuming()
FNDA:0,System.Void Callisto.Core.Messaging.MessageCoordinator::StopConsuming()
DA:115,0
DA:116,0
DA:117,0
DA:118,0
DA:120,0
DA:121,0
BRDA:116,13,0,0
BRDA:116,13,1,0
BRDA:116,49,0,0
BRDA:116,49,1,0
FN:181,System.Void Callisto.Core.Messaging.MessageCoordinator::Dispose()
FNDA:0,System.Void Callisto.Core.Messaging.MessageCoordinator::Dispose()
DA:182,0
DA:183,0
DA:184,0
FN:26,System.Void Callisto.Core.Messaging.MessageCoordinator::.ctor(Callisto.SharedKernel.Messaging.MessageExchangeConfig,RabbitMQ.Client.IConnection,System.Collections.Generic.Dictionary`2<System.Type,Callisto.SharedKernel.Messaging.MessageConsumeConfig>,System.Collections.Generic.Dictionary`2<System.Type,Callisto.SharedKernel.Messaging.MessagePublishConfig>,System.IServiceProvider)
FNDA:0,System.Void Callisto.Core.Messaging.MessageCoordinator::.ctor(Callisto.SharedKernel.Messaging.MessageExchangeConfig,RabbitMQ.Client.IConnection,System.Collections.Generic.Dictionary`2<System.Type,Callisto.SharedKernel.Messaging.MessageConsumeConfig>,System.Collections.Generic.Dictionary`2<System.Type,Callisto.SharedKernel.Messaging.MessagePublishConfig>,System.IServiceProvider)
DA:27,0
DA:28,0
DA:29,0
DA:30,0
DA:31,0
DA:32,0
DA:33,0
DA:34,0
DA:35,0
DA:36,0
DA:37,0
DA:38,0
FN:133,System.Boolean Callisto.Core.Messaging.MessageCoordinator/<>c__25`1::<Consumer_Received>b__25_0(System.Collections.Generic.KeyValuePair`2<System.Type,Callisto.SharedKernel.Messaging.MessageConsumeConfig>)
FNDA:0,System.Boolean Callisto.Core.Messaging.MessageCoordinator/<>c__25`1::<Consumer_Received>b__25_0(System.Collections.Generic.KeyValuePair`2<System.Type,Callisto.SharedKernel.Messaging.MessageConsumeConfig>)
DA:134,0
FN:131,System.Void Callisto.Core.Messaging.MessageCoordinator/<Consumer_Received>d__25`1::MoveNext()
FNDA:0,System.Void Callisto.Core.Messaging.MessageCoordinator/<Consumer_Received>d__25`1::MoveNext()
DA:132,0
DA:133,0
DA:137,0
DA:138,0
DA:139,0
DA:141,0
DA:142,0
DA:143,0
DA:145,0
DA:148,0
DA:149,0
DA:150,0
DA:154,0
DA:155,0
DA:156,0
DA:161,0
DA:162,0
DA:163,0
DA:168,0
DA:169,0
DA:170,0
DA:172,0
DA:174,0
DA:175,0
DA:176,0
BRDA:132,8,0,0
BRDA:134,50,0,0
BRDA:134,50,1,0
BRDA:132,8,1,0
BRDA:134,95,0,0
BRDA:134,95,1,0
BRDA:141,213,0,0
BRDA:143,250,0,0
BRDA:141,213,1,0
BRDA:143,250,1,0
BRDA:145,373,1,0
BRDA:145,399,1,0
BRDA:145,425,1,0
BRDA:145,399,0,0
BRDA:145,425,0,0
BRDA:145,451,0,0
BRDA:145,373,0,0
BRDA:145,451,1,0
BRDA:170,668,0,0
BRDA:170,668,1,0
LF:74
LH:0
BRF:30
BRH:0
FNF:14
FNH:0
end_of_record
SF:D:\Development\dotnet\callisto\src\Callisto.Core.Messaging\MessageCoordinatorBuilder.cs
FN:33,Callisto.Core.Messaging.MessageCoordinatorBuilder Callisto.Core.Messaging.MessageCoordinatorBuilder::get_Instance()
FNDA:0,Callisto.Core.Messaging.MessageCoordinatorBuilder Callisto.Core.Messaging.MessageCoordinatorBuilder::get_Instance()
DA:34,0
DA:35,0
DA:36,0
FN:41,RabbitMQ.Client.IConnectionFactory Callisto.Core.Messaging.MessageCoordinatorBuilder::get_Factory()
FNDA:0,RabbitMQ.Client.IConnectionFactory Callisto.Core.Messaging.MessageCoordinatorBuilder::get_Factory()
DA:42,0
FN:46,Callisto.SharedKernel.Messaging.MessageExchangeConfig Callisto.Core.Messaging.MessageCoordinatorBuilder::get_TopologyConfig()
FNDA:0,Callisto.SharedKernel.Messaging.MessageExchangeConfig Callisto.Core.Messaging.MessageCoordinatorBuilder::get_TopologyConfig()
DA:47,0
FN:51,System.Collections.Generic.Dictionary`2<System.Type,Callisto.SharedKernel.Messaging.MessageConsumeConfig> Callisto.Core.Messaging.MessageCoordinatorBuilder::get_ConsumerConfig()
FNDA:0,System.Collections.Generic.Dictionary`2<System.Type,Callisto.SharedKernel.Messaging.MessageConsumeConfig> Callisto.Core.Messaging.MessageCoordinatorBuilder::get_ConsumerConfig()
DA:52,0
FN:56,System.Collections.Generic.Dictionary`2<System.Type,Callisto.SharedKernel.Messaging.MessagePublishConfig> Callisto.Core.Messaging.MessageCoordinatorBuilder::get_PublishConfig()
FNDA:0,System.Collections.Generic.Dictionary`2<System.Type,Callisto.SharedKernel.Messaging.MessagePublishConfig> Callisto.Core.Messaging.MessageCoordinatorBuilder::get_PublishConfig()
DA:57,0
FN:63,Callisto.SharedModels.Messaging.IMessageCoordinator Callisto.Core.Messaging.MessageCoordinatorBuilder::Build(System.IServiceProvider)
FNDA:0,Callisto.SharedModels.Messaging.IMessageCoordinator Callisto.Core.Messaging.MessageCoordinatorBuilder::Build(System.IServiceProvider)
DA:64,0
DA:65,0
DA:66,0
FN:72,System.Void Callisto.Core.Messaging.MessageCoordinatorBuilder::Configure(Callisto.SharedKernel.Messaging.MessageExchangeConfig)
FNDA:0,System.Void Callisto.Core.Messaging.MessageCoordinatorBuilder::Configure(Callisto.SharedKernel.Messaging.MessageExchangeConfig)
DA:73,0
DA:74,0
DA:75,0
DA:76,0
DA:77,0
DA:78,0
DA:79,0
BRDA:74,3,0,0
BRDA:74,3,1,0
FN:87,Callisto.Core.Messaging.MessageCoordinatorBuilder Callisto.Core.Messaging.MessageCoordinatorBuilder::ConsumeFrom(System.Type,System.String,Callisto.SharedKernel.Messaging.MessageExchangeConfig)
FNDA:0,Callisto.Core.Messaging.MessageCoordinatorBuilder Callisto.Core.Messaging.MessageCoordinatorBuilder::ConsumeFrom(System.Type,System.String,Callisto.SharedKernel.Messaging.MessageExchangeConfig)
DA:88,0
DA:89,0
DA:90,0
DA:91,0
DA:92,0
DA:93,0
DA:94,0
DA:95,0
DA:96,0
BRDA:89,16,0,0
BRDA:89,16,1,0
BRDA:90,38,0,0
BRDA:90,38,1,0
FN:104,Callisto.Core.Messaging.MessageCoordinatorBuilder Callisto.Core.Messaging.MessageCoordinatorBuilder::PublishTo(System.Type,System.String,Callisto.SharedKernel.Messaging.MessageExchangeConfig)
FNDA:0,Callisto.Core.Messaging.MessageCoordinatorBuilder Callisto.Core.Messaging.MessageCoordinatorBuilder::PublishTo(System.Type,System.String,Callisto.SharedKernel.Messaging.MessageExchangeConfig)
DA:105,0
DA:106,0
DA:107,0
DA:108,0
DA:109,0
DA:110,0
DA:111,0
DA:112,0
DA:113,0
BRDA:106,16,0,0
BRDA:106,16,1,0
BRDA:107,38,0,0
BRDA:107,38,1,0
FN:120,Callisto.Core.Messaging.MessageCoordinatorBuilder Callisto.Core.Messaging.MessageCoordinatorBuilder::WithConnection(Callisto.Core.Messaging.Options.MessageOptions)
FNDA:0,Callisto.Core.Messaging.MessageCoordinatorBuilder Callisto.Core.Messaging.MessageCoordinatorBuilder::WithConnection(Callisto.Core.Messaging.Options.MessageOptions)
DA:121,0
DA:122,0
DA:123,0
DA:124,0
DA:125,0
DA:126,0
DA:127,0
DA:128,0
DA:129,0
DA:130,0
DA:131,0
DA:132,0
DA:133,0
DA:134,0
DA:135,0
DA:136,0
DA:137,0
FN:144,Callisto.Core.Messaging.MessageCoordinatorBuilder Callisto.Core.Messaging.MessageCoordinatorBuilder::WithExchangeSetup(Callisto.SharedKernel.Messaging.MessageExchangeConfig)
FNDA:0,Callisto.Core.Messaging.MessageCoordinatorBuilder Callisto.Core.Messaging.MessageCoordinatorBuilder::WithExchangeSetup(Callisto.SharedKernel.Messaging.MessageExchangeConfig)
DA:145,0
DA:146,0
DA:147,0
DA:148,0
FN:23,System.Void Callisto.Core.Messaging.MessageCoordinatorBuilder::.ctor()
FNDA:0,System.Void Callisto.Core.Messaging.MessageCoordinatorBuilder::.ctor()
DA:24,0
DA:25,0
DA:26,0
FN:18,System.Void Callisto.Core.Messaging.MessageCoordinatorBuilder::.cctor()
FNDA:0,System.Void Callisto.Core.Messaging.MessageCoordinatorBuilder::.cctor()
DA:19,0
LF:60
LH:0
BRF:10
BRH:0
FNF:13
FNH:0
end_of_record
SF:D:\Development\dotnet\callisto\src\Callisto.Core.Messaging\RabbitExtensions.cs
FN:31,System.Collections.Generic.IEnumerable`1<RabbitMQ.Client.Events.AsyncEventingBasicConsumer> Callisto.Core.Messaging.RabbitMQExtensions::StartConsumers(RabbitMQ.Client.IConnection,Callisto.SharedKernel.Messaging.MessageConsumeConfig,System.Action`1<RabbitMQ.Client.Events.AsyncEventingBasicConsumer>)
FNDA:0,System.Collections.Generic.IEnumerable`1<RabbitMQ.Client.Events.AsyncEventingBasicConsumer> Callisto.Core.Messaging.RabbitMQExtensions::StartConsumers(RabbitMQ.Client.IConnection,Callisto.SharedKernel.Messaging.MessageConsumeConfig,System.Action`1<RabbitMQ.Client.Events.AsyncEventingBasicConsumer>)
DA:32,0
DA:33,0
DA:35,0
DA:36,0
DA:37,0
DA:39,0
DA:40,0
DA:42,0
DA:45,0
DA:50,0
DA:51,0
DA:52,0
DA:53,0
DA:55,0
DA:56,0
DA:57,0
DA:58,0
DA:59,0
DA:60,0
DA:62,0
DA:63,0
BRDA:35,128,1,0
BRDA:35,128,0,0
FN:69,System.Void Callisto.Core.Messaging.RabbitMQExtensions::StopConsumers(System.Collections.Generic.IEnumerable`1<RabbitMQ.Client.Events.AsyncEventingBasicConsumer>)
FNDA:0,System.Void Callisto.Core.Messaging.RabbitMQExtensions::StopConsumers(System.Collections.Generic.IEnumerable`1<RabbitMQ.Client.Events.AsyncEventingBasicConsumer>)
DA:70,0
DA:71,0
DA:72,0
DA:73,0
DA:75,0
DA:76,0
DA:77,0
DA:78,0
DA:79,0
DA:80,0
DA:81,0
DA:82,0
DA:83,0
DA:85,0
DA:86,0
DA:87,0
DA:88,0
DA:90,0
DA:91,0
DA:92,0
DA:94,0
DA:95,0
DA:96,0
DA:97,0
DA:98,0
DA:100,0
BRDA:72,112,1,0
BRDA:76,35,0,0
BRDA:76,35,1,0
BRDA:85,83,0,0
BRDA:85,83,1,0
BRDA:72,112,0,0
BRDA:94,135,0,0
BRDA:94,135,1,0
FN:107,System.Void Callisto.Core.Messaging.RabbitMQExtensions::SetupRabbitMQTopology(RabbitMQ.Client.IConnection,Callisto.SharedKernel.Messaging.MessageExchangeConfig)
FNDA:0,System.Void Callisto.Core.Messaging.RabbitMQExtensions::SetupRabbitMQTopology(RabbitMQ.Client.IConnection,Callisto.SharedKernel.Messaging.MessageExchangeConfig)
DA:108,0
DA:109,0
DA:110,0
DA:111,0
DA:115,0
DA:116,0
DA:117,0
DA:118,0
DA:119,0
DA:120,0
DA:121,0
DA:123,0
DA:124,0
DA:125,0
DA:126,0
DA:127,0
DA:128,0
DA:129,0
DA:130,0
DA:132,0
DA:133,0
DA:134,0
DA:135,0
DA:136,0
DA:137,0
DA:139,0
DA:140,0
DA:141,0
DA:142,0
DA:143,0
DA:144,0
DA:145,0
DA:146,0
DA:148,0
DA:149,0
DA:150,0
DA:151,0
DA:152,0
DA:153,0
DA:155,0
DA:156,0
DA:157,0
DA:158,0
DA:159,0
DA:161,0
DA:162,0
DA:163,0
DA:164,0
DA:165,0
DA:166,0
DA:167,0
DA:168,0
DA:170,0
DA:171,0
DA:172,0
DA:173,0
DA:175,0
BRDA:109,7,0,0
BRDA:109,7,1,0
BRDA:123,64,0,0
BRDA:125,148,1,0
BRDA:132,123,0,0
BRDA:132,123,1,0
BRDA:125,148,0,0
BRDA:123,64,1,0
BRDA:139,177,0,0
BRDA:141,196,0,0
BRDA:141,196,1,0
BRDA:141,304,1,0
BRDA:141,304,0,0
BRDA:139,177,1,0
BRDA:155,351,0,0
BRDA:157,451,1,0
BRDA:157,451,0,0
BRDA:155,351,1,0
FN:182,System.Void Callisto.Core.Messaging.RabbitMQExtensions::SetupRetryQueueTopology(RabbitMQ.Client.IModel,Callisto.SharedKernel.Messaging.MessageFailureConfig)
FNDA:0,System.Void Callisto.Core.Messaging.RabbitMQExtensions::SetupRetryQueueTopology(RabbitMQ.Client.IModel,Callisto.SharedKernel.Messaging.MessageFailureConfig)
DA:183,0
DA:186,0
DA:187,0
DA:188,0
DA:189,0
DA:190,0
DA:191,0
DA:192,0
DA:194,0
DA:195,0
DA:196,0
DA:197,0
DA:198,0
DA:200,0
DA:201,0
DA:202,0
DA:203,0
DA:204,0
DA:206,0
DA:207,0
DA:208,0
DA:209,0
DA:210,0
DA:211,0
DA:212,0
DA:213,0
DA:214,0
DA:215,0
DA:216,0
DA:218,0
DA:219,0
DA:220,0
DA:221,0
DA:222,0
DA:224,0
DA:225,0
DA:226,0
DA:227,0
DA:228,0
DA:230,0
DA:231,0
DA:232,0
DA:233,0
DA:234,0
DA:235,0
DA:236,0
DA:237,0
DA:238,0
DA:239,0
DA:240,0
DA:242,0
DA:243,0
DA:245,0
DA:246,0
DA:247,0
DA:249,0
DA:250,0
DA:251,0
DA:252,0
DA:253,0
DA:254,0
DA:255,0
DA:256,0
DA:257,0
DA:258,0
DA:260,0
DA:261,0
DA:262,0
DA:263,0
DA:264,0
DA:265,0
DA:266,0
DA:267,0
DA:268,0
DA:269,0
DA:270,0
DA:271,0
DA:273,0
DA:274,0
DA:275,0
DA:276,0
DA:277,0
DA:278,0
DA:279,0
DA:280,0
DA:281,0
DA:282,0
DA:283,0
DA:284,0
DA:285,0
DA:286,0
DA:288,0
DA:290,0
DA:291,0
DA:292,0
DA:293,0
BRDA:186,12,0,0
BRDA:186,12,1,0
BRDA:186,33,0,0
BRDA:186,33,1,0
BRDA:206,111,0,0
BRDA:206,111,1,0
BRDA:206,132,0,0
BRDA:206,132,1,0
BRDA:230,232,0,0
BRDA:230,245,0,0
BRDA:230,232,1,0
BRDA:230,245,1,0
BRDA:230,261,0,0
BRDA:245,637,1,0
BRDA:260,450,0,0
BRDA:260,450,1,0
BRDA:274,610,1,0
BRDA:274,610,0,0
BRDA:245,637,0,0
BRDA:230,261,1,0
FN:302,System.Void Callisto.Core.Messaging.RabbitMQExtensions::SendToOtherExchange(RabbitMQ.Client.IModel,RabbitMQ.Client.Events.BasicDeliverEventArgs,System.String,System.String)
FNDA:0,System.Void Callisto.Core.Messaging.RabbitMQExtensions::SendToOtherExchange(RabbitMQ.Client.IModel,RabbitMQ.Client.Events.BasicDeliverEventArgs,System.String,System.String)
DA:303,0
DA:304,0
DA:305,0
DA:306,0
DA:307,0
DA:308,0
DA:310,0
DA:311,0
FN:319,System.Void Callisto.Core.Messaging.RabbitMQExtensions::SendToDeadLetter(RabbitMQ.Client.IModel,RabbitMQ.Client.Events.BasicDeliverEventArgs,Callisto.SharedKernel.Messaging.MessageConsumeConfig)
FNDA:0,System.Void Callisto.Core.Messaging.RabbitMQExtensions::SendToDeadLetter(RabbitMQ.Client.IModel,RabbitMQ.Client.Events.BasicDeliverEventArgs,Callisto.SharedKernel.Messaging.MessageConsumeConfig)
DA:320,0
DA:321,0
DA:322,0
FN:330,System.Void Callisto.Core.Messaging.RabbitMQExtensions::SendForRetry(RabbitMQ.Client.IModel,RabbitMQ.Client.Events.BasicDeliverEventArgs,Callisto.SharedKernel.Messaging.MessageConsumeConfig)
FNDA:0,System.Void Callisto.Core.Messaging.RabbitMQExtensions::SendForRetry(RabbitMQ.Client.IModel,RabbitMQ.Client.Events.BasicDeliverEventArgs,Callisto.SharedKernel.Messaging.MessageConsumeConfig)
DA:331,0
DA:332,0
DA:333,0
DA:334,0
DA:338,0
DA:339,0
DA:340,0
DA:341,0
DA:342,0
DA:343,0
DA:344,0
DA:345,0
DA:346,0
DA:347,0
DA:348,0
DA:349,0
DA:350,0
DA:351,0
DA:352,0
DA:353,0
DA:354,0
DA:355,0
DA:356,0
DA:357,0
DA:358,0
DA:359,0
DA:360,0
DA:362,0
DA:363,0
DA:364,0
DA:365,0
DA:367,0
DA:368,0
DA:369,0
DA:371,0
DA:372,0
BRDA:332,12,0,0
BRDA:332,12,1,0
BRDA:338,36,0,0
BRDA:338,36,1,0
BRDA:343,82,0,0
BRDA:345,115,0,0
BRDA:349,174,0,0
BRDA:351,194,0,0
BRDA:351,194,1,0
BRDA:351,230,0,0
BRDA:351,230,1,0
BRDA:355,272,0,0
BRDA:355,272,1,0
BRDA:349,174,1,0
BRDA:345,115,1,0
BRDA:343,82,1,0
FN:384,RabbitMQ.Client.IConnection Callisto.Core.Messaging.RabbitMQExtensions::CreateResillientConnection(RabbitMQ.Client.IConnectionFactory)
FNDA:0,RabbitMQ.Client.IConnection Callisto.Core.Messaging.RabbitMQExtensions::CreateResillientConnection(RabbitMQ.Client.IConnectionFactory)
DA:385,0
DA:387,0
DA:388,0
DA:390,0
DA:391,0
DA:392,0
DA:393,0
DA:395,0
DA:396,0
DA:397,0
DA:400,0
DA:401,0
DA:404,0
BRDA:395,56,0,0
BRDA:395,56,1,0
FN:376,System.Void Callisto.Core.Messaging.RabbitMQExtensions::.cctor()
FNDA:0,System.Void Callisto.Core.Messaging.RabbitMQExtensions::.cctor()
DA:377,0
LF:261
LH:0
BRF:66
BRH:0
FNF:9
FNH:0
end_of_record
SF:D:\Development\dotnet\callisto\src\Callisto.Core.Messaging\Startup\IServiceCollectionExtensions.cs
FN:21,System.Void Callisto.Core.Messaging.Startup.IServiceCollectionExtensions::AddCallistoMessaging(Microsoft.Extensions.DependencyInjection.IServiceCollection,Callisto.Core.Messaging.Options.MessageOptions,Callisto.SharedKernel.Messaging.MessageExchangeConfig)
FNDA:1,System.Void Callisto.Core.Messaging.Startup.IServiceCollectionExtensions::AddCallistoMessaging(Microsoft.Extensions.DependencyInjection.IServiceCollection,Callisto.Core.Messaging.Options.MessageOptions,Callisto.SharedKernel.Messaging.MessageExchangeConfig)
DA:22,1
DA:23,1
DA:24,1
DA:25,1
DA:26,1
DA:27,1
BRDA:23,8,0,1
BRDA:23,8,1,1
FN:33,System.Void Callisto.Core.Messaging.Startup.IServiceCollectionExtensions::UseCallistoMessaging(Microsoft.AspNetCore.Builder.IApplicationBuilder)
FNDA:0,System.Void Callisto.Core.Messaging.Startup.IServiceCollectionExtensions::UseCallistoMessaging(Microsoft.AspNetCore.Builder.IApplicationBuilder)
DA:34,0
DA:35,0
DA:36,0
DA:38,0
DA:39,0
DA:40,0
DA:42,0
DA:43,0
DA:45,0
DA:46,0
DA:47,0
DA:48,0
DA:49,0
DA:50,0
DA:51,0
DA:53,0
DA:54,0
DA:55,0
DA:56,0
DA:57,0
DA:58,0
DA:59,0
DA:61,0
DA:62,0
DA:63,0
DA:64,0
DA:65,0
BRDA:45,97,0,0
BRDA:47,156,1,0
BRDA:47,156,0,0
BRDA:45,97,1,0
BRDA:53,183,0,0
BRDA:55,243,1,0
BRDA:55,243,0,0
BRDA:53,183,1,0
LF:33
LH:6
BRF:10
BRH:2
FNF:2
FNH:1
end_of_record
SF:D:\Development\dotnet\callisto\src\Callisto.Core.Messaging\Options\MessageOptions.cs
FN:10,System.String Callisto.Core.Messaging.Options.MessageOptions::get_HostName()
FNDA:2,System.String Callisto.Core.Messaging.Options.MessageOptions::get_HostName()
DA:11,2
FN:15,System.String Callisto.Core.Messaging.Options.MessageOptions::get_UserName()
FNDA:2,System.String Callisto.Core.Messaging.Options.MessageOptions::get_UserName()
DA:16,2
FN:20,System.String Callisto.Core.Messaging.Options.MessageOptions::get_Password()
FNDA:2,System.String Callisto.Core.Messaging.Options.MessageOptions::get_Password()
DA:21,2
FN:25,System.Int32 Callisto.Core.Messaging.Options.MessageOptions::get_Port()
FNDA:2,System.Int32 Callisto.Core.Messaging.Options.MessageOptions::get_Port()
DA:26,2
FN:30,System.Boolean Callisto.Core.Messaging.Options.MessageOptions::get_Ssl()
FNDA:2,System.Boolean Callisto.Core.Messaging.Options.MessageOptions::get_Ssl()
DA:31,2
FN:35,System.String Callisto.Core.Messaging.Options.MessageOptions::get_SslServer()
FNDA:2,System.String Callisto.Core.Messaging.Options.MessageOptions::get_SslServer()
DA:36,2
FN:40,System.String Callisto.Core.Messaging.Options.MessageOptions::get_AppId()
FNDA:2,System.String Callisto.Core.Messaging.Options.MessageOptions::get_AppId()
DA:41,2
LF:7
LH:7
BRF:0
BRH:0
FNF:7
FNH:7
end_of_record
SF:D:\Development\dotnet\callisto\src\Callisto.Core.Metrics\MetricsRegistry.cs
FN:13,App.Metrics.Counter.CounterOptions Callisto.Core.Metrics.MetricsRegistry::get_NotificiationCounter()
FNDA:0,App.Metrics.Counter.CounterOptions Callisto.Core.Metrics.MetricsRegistry::get_NotificiationCounter()
DA:14,0
DA:15,0
DA:16,0
DA:17,0
DA:18,0
LF:5
LH:0
BRF:0
BRH:0
FNF:1
FNH:0
end_of_record
SF:D:\Development\dotnet\callisto\src\Callisto.Core.Metrics\Startup\IServiceCollectionExtensions.cs
FN:22,System.Void Callisto.Core.Metrics.Startup.IServiceCollectionExtensions::AddCallistoMonitoring(Microsoft.Extensions.DependencyInjection.IServiceCollection,Microsoft.Extensions.Configuration.IConfiguration)
FNDA:1,System.Void Callisto.Core.Metrics.Startup.IServiceCollectionExtensions::AddCallistoMonitoring(Microsoft.Extensions.DependencyInjection.IServiceCollection,Microsoft.Extensions.Configuration.IConfiguration)
DA:23,1
DA:24,1
DA:25,1
DA:26,1
DA:28,1
DA:29,1
DA:30,1
DA:31,2
DA:32,2
DA:33,5
DA:34,2
DA:35,1
DA:36,2
DA:37,1
FN:46,Microsoft.Extensions.DependencyInjection.IMvcBuilder Callisto.Core.Metrics.Startup.IServiceCollectionExtensions::AddCallistoMetrics(Microsoft.Extensions.DependencyInjection.IMvcBuilder,Microsoft.Extensions.DependencyInjection.IServiceCollection,Microsoft.Extensions.Configuration.IConfiguration)
FNDA:1,Microsoft.Extensions.DependencyInjection.IMvcBuilder Callisto.Core.Metrics.Startup.IServiceCollectionExtensions::AddCallistoMetrics(Microsoft.Extensions.DependencyInjection.IMvcBuilder,Microsoft.Extensions.DependencyInjection.IServiceCollection,Microsoft.Extensions.Configuration.IConfiguration)
DA:47,1
DA:48,1
DA:49,1
DA:50,1
DA:51,1
FN:57,System.Void Callisto.Core.Metrics.Startup.IServiceCollectionExtensions::UseCallistoMonitoring(Microsoft.AspNetCore.Builder.IApplicationBuilder)
FNDA:1,System.Void Callisto.Core.Metrics.Startup.IServiceCollectionExtensions::UseCallistoMonitoring(Microsoft.AspNetCore.Builder.IApplicationBuilder)
DA:58,1
DA:59,1
DA:60,1
DA:61,1
DA:62,1
LF:24
LH:24
BRF:2
BRH:2
FNF:3
FNH:3
end_of_record
SF:D:\Development\dotnet\callisto\src\Callisto.Core.Storage\AzureBlobStorage.cs
FN:30,Callisto.Core.Storage.Options.StorageOptions Callisto.Core.Storage.AzureBlobStorage::get_Options()
FNDA:0,Callisto.Core.Storage.Options.StorageOptions Callisto.Core.Storage.AzureBlobStorage::get_Options()
DA:31,0
FN:35,Microsoft.Extensions.Logging.ILogger`1<Callisto.Core.Storage.AzureBlobStorage> Callisto.Core.Storage.AzureBlobStorage::get_Logger()
FNDA:0,Microsoft.Extensions.Logging.ILogger`1<Callisto.Core.Storage.AzureBlobStorage> Callisto.Core.Storage.AzureBlobStorage::get_Logger()
DA:36,0
FN:40,Microsoft.WindowsAzure.Storage.Blob.CloudBlobClient Callisto.Core.Storage.AzureBlobStorage::get_BlobClient()
FNDA:0,Microsoft.WindowsAzure.Storage.Blob.CloudBlobClient Callisto.Core.Storage.AzureBlobStorage::get_BlobClient()
DA:41,0
FN:47,Microsoft.WindowsAzure.Storage.CloudStorageAccount Callisto.Core.Storage.AzureBlobStorage::GetStorageAccount()
FNDA:0,Microsoft.WindowsAzure.Storage.CloudStorageAccount Callisto.Core.Storage.AzureBlobStorage::GetStorageAccount()
DA:48,0
DA:49,0
DA:50,0
DA:51,0
DA:52,0
DA:54,0
DA:55,0
DA:56,0
DA:58,0
DA:59,0
BRDA:49,24,0,0
BRDA:49,24,1,0
BRDA:58,78,0,0
BRDA:58,78,1,0
FN:21,System.Void Callisto.Core.Storage.AzureBlobStorage::.ctor(Microsoft.Extensions.Options.IOptions`1<Callisto.Core.Storage.Options.StorageOptions>,Microsoft.Extensions.Logging.ILogger`1<Callisto.Core.Storage.AzureBlobStorage>)
FNDA:1,System.Void Callisto.Core.Storage.AzureBlobStorage::.ctor(Microsoft.Extensions.Options.IOptions`1<Callisto.Core.Storage.Options.StorageOptions>,Microsoft.Extensions.Logging.ILogger`1<Callisto.Core.Storage.AzureBlobStorage>)
DA:22,1
DA:23,1
DA:24,1
DA:25,1
DA:26,1
FN:66,System.Void Callisto.Core.Storage.AzureBlobStorage/<GetBlobContainer>d__10::MoveNext()
FNDA:0,System.Void Callisto.Core.Storage.AzureBlobStorage/<GetBlobContainer>d__10::MoveNext()
DA:67,0
DA:68,0
DA:69,0
DA:71,0
DA:73,0
DA:75,0
DA:77,0
DA:78,0
BRDA:67,14,0,0
BRDA:69,78,0,0
BRDA:69,78,1,0
BRDA:75,210,0,0
BRDA:67,14,1,0
BRDA:75,210,1,0
FN:85,System.Void Callisto.Core.Storage.AzureBlobStorage/<GetFileAsync>d__11::MoveNext()
FNDA:0,System.Void Callisto.Core.Storage.AzureBlobStorage/<GetFileAsync>d__11::MoveNext()
DA:86,0
DA:87,0
DA:88,0
DA:89,0
DA:90,0
BRDA:87,45,0,0
BRDA:87,45,1,0
FN:98,System.Void Callisto.Core.Storage.AzureBlobStorage/<DeleteAsync>d__12::MoveNext()
FNDA:0,System.Void Callisto.Core.Storage.AzureBlobStorage/<DeleteAsync>d__12::MoveNext()
DA:99,0
DA:100,0
DA:101,0
DA:102,0
DA:103,0
BRDA:99,14,0,0
BRDA:100,56,0,0
BRDA:100,56,1,0
BRDA:102,205,0,0
BRDA:99,14,1,0
BRDA:102,205,1,0
FN:111,System.Void Callisto.Core.Storage.AzureBlobStorage/<SaveFile>d__13::MoveNext()
FNDA:0,System.Void Callisto.Core.Storage.AzureBlobStorage/<SaveFile>d__13::MoveNext()
DA:112,0
DA:113,0
DA:115,0
DA:117,0
DA:118,0
DA:120,0
DA:121,0
BRDA:112,14,0,0
BRDA:113,56,0,0
BRDA:113,56,1,0
BRDA:117,220,0,0
BRDA:112,14,1,0
BRDA:117,220,1,0
LF:43
LH:5
BRF:24
BRH:0
FNF:9
FNH:1
end_of_record
SF:D:\Development\dotnet\callisto\src\Callisto.Core.Storage\Startup\IServiceCollectionExtensions.cs
FN:17,System.Void Callisto.Core.Storage.Startup.IServiceCollectionExtensions::AddCallistoStorage(Microsoft.Extensions.DependencyInjection.IServiceCollection,Callisto.Core.Storage.Options.StorageOptions)
FNDA:1,System.Void Callisto.Core.Storage.Startup.IServiceCollectionExtensions::AddCallistoStorage(Microsoft.Extensions.DependencyInjection.IServiceCollection,Callisto.Core.Storage.Options.StorageOptions)
DA:18,1
DA:19,1
DA:20,1
LF:3
LH:3
BRF:0
BRH:0
FNF:1
FNH:1
end_of_record
SF:D:\Development\dotnet\callisto\src\Callisto.Core.Storage\Options\StorageOptions.cs
FN:10,System.String Callisto.Core.Storage.Options.StorageOptions::get_ConnectionString()
FNDA:4,System.String Callisto.Core.Storage.Options.StorageOptions::get_ConnectionString()
DA:11,4
FN:15,System.String Callisto.Core.Storage.Options.StorageOptions::get_Images()
FNDA:2,System.String Callisto.Core.Storage.Options.StorageOptions::get_Images()
DA:16,2
FN:20,System.String Callisto.Core.Storage.Options.StorageOptions::get_ScaledImages()
FNDA:2,System.String Callisto.Core.Storage.Options.StorageOptions::get_ScaledImages()
DA:21,2
FN:25,System.Boolean Callisto.Core.Storage.Options.StorageOptions::get_UseScaling()
FNDA:4,System.Boolean Callisto.Core.Storage.Options.StorageOptions::get_UseScaling()
DA:26,4
LF:4
LH:4
BRF:0
BRH:0
FNF:4
FNH:4
end_of_record
SF:D:\Development\dotnet\callisto\src\Callisto.Module.Asset\AssetsModule.cs
FN:45,Callisto.SharedModels.Session.ICallistoSession Callisto.Module.Assets.AssetsModule::get_Session()
FNDA:0,Callisto.SharedModels.Session.ICallistoSession Callisto.Module.Assets.AssetsModule::get_Session()
DA:46,0
FN:50,Callisto.Module.Assets.Interfaces.IAssetsRepository Callisto.Module.Assets.AssetsModule::get_AssetRepo()
FNDA:0,Callisto.Module.Assets.Interfaces.IAssetsRepository Callisto.Module.Assets.AssetsModule::get_AssetRepo()
DA:51,0
FN:55,Callisto.SharedModels.Storage.IStorage Callisto.Module.Assets.AssetsModule::get_Storage()
FNDA:0,Callisto.SharedModels.Storage.IStorage Callisto.Module.Assets.AssetsModule::get_Storage()
DA:56,0
FN:60,Microsoft.Extensions.Logging.ILogger`1<Callisto.Module.Assets.AssetsModule> Callisto.Module.Assets.AssetsModule::get_Logger()
FNDA:0,Microsoft.Extensions.Logging.ILogger`1<Callisto.Module.Assets.AssetsModule> Callisto.Module.Assets.AssetsModule::get_Logger()
DA:61,0
FN:34,System.Void Callisto.Module.Assets.AssetsModule::.ctor(Callisto.SharedModels.Session.ICallistoSession,Microsoft.Extensions.Logging.ILogger`1<Callisto.Module.Assets.AssetsModule>,Callisto.Module.Assets.Interfaces.IAssetsRepository,Callisto.SharedModels.Storage.IStorage)
FNDA:1,System.Void Callisto.Module.Assets.AssetsModule::.ctor(Callisto.SharedModels.Session.ICallistoSession,Microsoft.Extensions.Logging.ILogger`1<Callisto.Module.Assets.AssetsModule>,Callisto.Module.Assets.Interfaces.IAssetsRepository,Callisto.SharedModels.Storage.IStorage)
DA:35,1
DA:36,1
DA:37,1
DA:38,1
DA:39,1
DA:40,1
DA:41,1
FN:68,System.Void Callisto.Module.Assets.AssetsModule/<AddAssetAsync>d__13::MoveNext()
FNDA:0,System.Void Callisto.Module.Assets.AssetsModule/<AddAssetAsync>d__13::MoveNext()
DA:69,0
DA:70,0
DA:71,0
DA:72,0
DA:75,0
DA:77,0
DA:78,0
DA:80,0
DA:81,0
BRDA:69,14,0,0
BRDA:70,48,0,0
BRDA:70,48,1,0
BRDA:75,102,0,0
BRDA:75,102,1,0
BRDA:78,279,0,0
BRDA:69,14,1,0
BRDA:78,279,1,0
FN:88,System.Void Callisto.Module.Assets.AssetsModule/<GetAssetAsync>d__14::MoveNext()
FNDA:0,System.Void Callisto.Module.Assets.AssetsModule/<GetAssetAsync>d__14::MoveNext()
DA:89,0
DA:90,0
DA:92,0
DA:94,0
DA:96,0
DA:97,0
BRDA:89,14,0,0
BRDA:90,61,0,0
BRDA:90,61,1,0
BRDA:92,203,0,0
BRDA:89,14,1,0
BRDA:92,203,1,0
FN:104,System.Void Callisto.Module.Assets.AssetsModule/<GetAssetDetailsAsync>d__15::MoveNext()
FNDA:0,System.Void Callisto.Module.Assets.AssetsModule/<GetAssetDetailsAsync>d__15::MoveNext()
DA:105,0
DA:106,0
DA:108,0
DA:109,0
DA:110,0
DA:111,0
DA:112,0
DA:114,0
DA:116,0
DA:118,0
DA:119,0
BRDA:106,75,0,0
BRDA:106,75,1,0
BRDA:109,207,0,0
BRDA:111,263,0,0
BRDA:111,263,1,0
BRDA:109,207,1,0
BRDA:116,433,0,0
BRDA:116,433,1,0
FN:126,System.Void Callisto.Module.Assets.AssetsModule/<GetAssetLocationAsync>d__16::MoveNext()
FNDA:0,System.Void Callisto.Module.Assets.AssetsModule/<GetAssetLocationAsync>d__16::MoveNext()
DA:127,0
DA:128,0
DA:130,0
DA:131,0
DA:132,0
DA:133,0
DA:136,0
DA:137,0
BRDA:127,14,0,0
BRDA:128,66,0,0
BRDA:128,66,1,0
BRDA:130,180,0,0
BRDA:132,232,0,0
BRDA:127,14,1,0
BRDA:132,232,1,0
BRDA:130,180,1,0
FN:144,System.Void Callisto.Module.Assets.AssetsModule/<SaveAssetAsync>d__17::MoveNext()
FNDA:0,System.Void Callisto.Module.Assets.AssetsModule/<SaveAssetAsync>d__17::MoveNext()
DA:145,0
DA:146,0
DA:148,0
DA:149,0
DA:150,0
DA:153,0
DA:154,0
DA:155,0
DA:157,0
DA:159,0
DA:161,0
DA:162,0
DA:163,0
DA:164,0
DA:167,0
DA:169,0
DA:170,0
DA:172,0
DA:173,0
BRDA:145,16,0,0
BRDA:146,68,0,0
BRDA:146,68,1,0
BRDA:148,182,0,0
BRDA:148,182,1,0
BRDA:145,16,1,0
BRDA:153,222,0,0
BRDA:155,299,0,0
BRDA:153,222,1,0
BRDA:155,299,1,0
BRDA:159,462,0,0
BRDA:153,222,2,0
BRDA:159,462,1,0
BRDA:161,587,0,0
BRDA:153,222,3,0
BRDA:161,587,1,0
BRDA:162,708,0,0
BRDA:162,708,1,0
BRDA:167,774,0,0
BRDA:153,222,4,0
BRDA:167,774,1,0
FN:179,System.Void Callisto.Module.Assets.AssetsModule/<GetAssetTreeAsync>d__18::MoveNext()
FNDA:0,System.Void Callisto.Module.Assets.AssetsModule/<GetAssetTreeAsync>d__18::MoveNext()
DA:180,0
DA:181,0
DA:182,0
DA:183,0
DA:184,0
DA:185,0
DA:186,0
DA:187,0
DA:189,0
DA:191,0
DA:193,0
DA:195,0
DA:196,0
DA:197,0
DA:198,0
DA:200,0
DA:201,0
BRDA:180,14,0,0
BRDA:182,46,0,0
BRDA:184,92,0,0
BRDA:184,92,1,0
BRDA:185,207,0,0
BRDA:185,207,1,0
BRDA:182,46,1,0
BRDA:191,256,0,0
BRDA:191,256,1,0
BRDA:191,300,0,0
BRDA:180,14,1,0
BRDA:191,300,1,0
BRDA:195,495,1,0
BRDA:195,495,0,0
FN:207,System.Void Callisto.Module.Assets.AssetsModule/<GetAssetTreeAllAsync>d__19::MoveNext()
FNDA:0,System.Void Callisto.Module.Assets.AssetsModule/<GetAssetTreeAllAsync>d__19::MoveNext()
DA:208,0
DA:209,0
DA:211,0
DA:213,0
DA:214,0
DA:215,0
DA:216,0
DA:218,0
DA:219,0
BRDA:209,60,0,0
BRDA:209,60,1,0
BRDA:213,252,1,0
BRDA:213,252,0,0
FN:226,System.Void Callisto.Module.Assets.AssetsModule/<GetPotentialAssetParentsAsync>d__20::MoveNext()
FNDA:0,System.Void Callisto.Module.Assets.AssetsModule/<GetPotentialAssetParentsAsync>d__20::MoveNext()
DA:227,0
DA:228,0
DA:230,0
DA:231,0
DA:232,0
DA:235,0
DA:237,0
DA:239,0
DA:240,0
DA:241,0
DA:242,0
DA:244,0
DA:245,0
BRDA:227,14,0,0
BRDA:228,61,0,0
BRDA:228,61,1,0
BRDA:230,175,0,0
BRDA:230,175,1,0
BRDA:235,246,0,0
BRDA:227,14,1,0
BRDA:235,246,1,0
BRDA:239,440,1,0
BRDA:239,440,0,0
FN:253,System.Void Callisto.Module.Assets.AssetsModule/<UploadAssetPicAsync>d__21::MoveNext()
FNDA:0,System.Void Callisto.Module.Assets.AssetsModule/<UploadAssetPicAsync>d__21::MoveNext()
DA:254,0
DA:255,0
DA:257,0
DA:258,0
DA:259,0
DA:262,0
DA:264,0
DA:265,0
DA:266,0
DA:269,0
DA:270,0
DA:271,0
DA:272,0
DA:273,0
DA:274,0
DA:275,0
DA:277,0
DA:279,0
DA:281,0
DA:282,0
BRDA:255,88,0,0
BRDA:255,88,1,0
BRDA:257,202,0,0
BRDA:257,202,1,0
BRDA:262,262,0,0
BRDA:262,262,1,0
BRDA:264,383,0,0
BRDA:264,383,1,0
BRDA:270,428,0,0
BRDA:270,434,0,0
BRDA:273,513,0,0
BRDA:270,428,1,0
BRDA:273,513,1,0
BRDA:274,685,0,0
BRDA:270,434,1,0
BRDA:274,685,1,0
BRDA:279,884,0,0
BRDA:279,884,1,0
FN:290,System.Void Callisto.Module.Assets.AssetsModule/<UpdateParentAsync>d__22::MoveNext()
FNDA:0,System.Void Callisto.Module.Assets.AssetsModule/<UpdateParentAsync>d__22::MoveNext()
DA:291,0
DA:292,0
DA:294,0
DA:295,0
DA:296,0
DA:299,0
DA:300,0
DA:301,0
DA:302,0
DA:304,0
DA:305,0
DA:307,0
DA:308,0
DA:309,0
DA:312,0
DA:313,0
DA:315,0
DA:317,0
DA:318,0
BRDA:292,75,0,0
BRDA:292,75,1,0
BRDA:294,189,0,0
BRDA:294,189,1,0
BRDA:299,221,0,0
BRDA:299,221,1,0
BRDA:305,294,0,0
BRDA:305,294,1,0
BRDA:307,410,0,0
BRDA:307,410,1,0
BRDA:315,496,0,0
BRDA:315,496,1,0
FN:325,System.Void Callisto.Module.Assets.AssetsModule/<RemoveAssetAsync>d__23::MoveNext()
FNDA:0,System.Void Callisto.Module.Assets.AssetsModule/<RemoveAssetAsync>d__23::MoveNext()
DA:326,0
DA:327,0
DA:329,0
DA:330,0
DA:331,0
DA:334,0
DA:335,0
DA:336,0
DA:337,0
DA:340,0
DA:342,0
DA:343,0
BRDA:327,75,0,0
BRDA:327,75,1,0
BRDA:329,189,0,0
BRDA:329,189,1,0
BRDA:334,239,0,0
BRDA:334,239,1,0
BRDA:335,348,0,0
BRDA:335,348,1,0
BRDA:340,408,0,0
BRDA:340,408,1,0
FN:345,System.Void Callisto.Module.Assets.AssetsModule/<GetAssetParentAsync>d__24::MoveNext()
FNDA:0,System.Void Callisto.Module.Assets.AssetsModule/<GetAssetParentAsync>d__24::MoveNext()
DA:346,0
DA:347,0
DA:348,0
DA:349,0
DA:350,0
DA:351,0
DA:352,0
DA:353,0
DA:355,0
DA:356,0
DA:357,0
BRDA:348,36,0,0
BRDA:348,59,0,0
BRDA:348,59,1,0
BRDA:348,71,0,0
BRDA:348,71,1,0
BRDA:348,36,1,0
BRDA:348,95,0,0
BRDA:350,142,0,0
BRDA:350,142,1,0
BRDA:351,259,0,0
BRDA:351,259,1,0
BRDA:348,95,1,0
LF:165
LH:7
BRF:131
BRH:0
FNF:17
FNH:1
end_of_record
SF:D:\Development\dotnet\callisto\src\Callisto.Module.Asset\ModelFactory.cs
FN:19,Callisto.Module.Assets.Repository.Models.Asset Callisto.Module.Assets.ModelFactory::CreateAsset(Callisto.SharedModels.Assets.ViewModels.AssetAddViewModel,System.Int64,Callisto.Module.Assets.Repository.Models.Asset)
FNDA:0,Callisto.Module.Assets.Repository.Models.Asset Callisto.Module.Assets.ModelFactory::CreateAsset(Callisto.SharedModels.Assets.ViewModels.AssetAddViewModel,System.Int64,Callisto.Module.Assets.Repository.Models.Asset)
DA:20,0
DA:21,0
DA:22,0
DA:23,0
DA:24,0
DA:25,0
DA:26,0
DA:27,0
DA:28,0
DA:29,0
DA:30,0
DA:31,0
DA:32,0
BRDA:21,91,0,0
BRDA:21,91,1,0
FN:40,Callisto.Module.Assets.Repository.Models.AssetLocation Callisto.Module.Assets.ModelFactory::CreateAssetLocation(Callisto.Module.Assets.Repository.Models.Asset,System.Int64)
FNDA:0,Callisto.Module.Assets.Repository.Models.AssetLocation Callisto.Module.Assets.ModelFactory::CreateAssetLocation(Callisto.Module.Assets.Repository.Models.Asset,System.Int64)
DA:41,0
DA:42,0
DA:43,0
DA:44,0
DA:45,0
DA:46,0
DA:47,0
DA:48,0
DA:49,0
DA:50,0
FN:57,System.Void Callisto.Module.Assets.ModelFactory::SetSaveAssetState(Callisto.SharedModels.Assets.ViewModels.AssetDetailViewModel,Callisto.Module.Assets.Repository.Models.Asset,Callisto.Module.Assets.Repository.Models.Asset)
FNDA:0,System.Void Callisto.Module.Assets.ModelFactory::SetSaveAssetState(Callisto.SharedModels.Assets.ViewModels.AssetDetailViewModel,Callisto.Module.Assets.Repository.Models.Asset,Callisto.Module.Assets.Repository.Models.Asset)
DA:58,0
DA:59,0
DA:60,0
DA:61,0
DA:62,0
DA:63,0
DA:64,0
BRDA:63,54,0,0
BRDA:63,54,1,0
FN:71,Callisto.SharedModels.Assets.ViewModels.AssetInfoViewModel Callisto.Module.Assets.ModelFactory::CreateAssetViewModel(Callisto.Module.Assets.Repository.Models.Asset,Callisto.SharedModels.Location.ViewModels.LocationViewModel)
FNDA:0,Callisto.SharedModels.Assets.ViewModels.AssetInfoViewModel Callisto.Module.Assets.ModelFactory::CreateAssetViewModel(Callisto.Module.Assets.Repository.Models.Asset,Callisto.SharedModels.Location.ViewModels.LocationViewModel)
DA:72,0
DA:73,0
DA:74,0
DA:75,0
DA:76,0
DA:77,0
DA:78,0
DA:79,0
DA:80,0
DA:81,0
DA:82,0
DA:83,0
DA:84,0
DA:85,0
BRDA:73,84,0,0
BRDA:73,84,1,0
BRDA:73,111,0,0
BRDA:73,111,1,0
BRDA:73,138,0,0
BRDA:73,138,1,0
FN:92,Callisto.SharedModels.Assets.ViewModels.AssetViewModel Callisto.Module.Assets.ModelFactory::CreateAssetViewModel(Callisto.Module.Assets.Repository.Models.AssetModel)
FNDA:0,Callisto.SharedModels.Assets.ViewModels.AssetViewModel Callisto.Module.Assets.ModelFactory::CreateAssetViewModel(Callisto.Module.Assets.Repository.Models.AssetModel)
DA:93,0
DA:94,0
DA:95,0
DA:96,0
DA:97,0
DA:98,0
DA:99,0
DA:100,0
DA:101,0
FN:108,Callisto.SharedModels.Assets.ViewModels.AssetDetailViewModel Callisto.Module.Assets.ModelFactory::CreateAssetDetailViewModel(Callisto.Module.Assets.Repository.Models.Asset,Callisto.Module.Assets.Repository.Models.Asset)
FNDA:0,Callisto.SharedModels.Assets.ViewModels.AssetDetailViewModel Callisto.Module.Assets.ModelFactory::CreateAssetDetailViewModel(Callisto.Module.Assets.Repository.Models.Asset,Callisto.Module.Assets.Repository.Models.Asset)
DA:109,0
DA:110,0
DA:111,0
DA:112,0
DA:113,0
DA:114,0
DA:115,0
DA:116,0
DA:117,0
DA:118,0
DA:119,0
BRDA:110,73,0,0
BRDA:110,73,1,0
FN:126,Callisto.SharedModels.Assets.ViewModels.AssetTreeViewModel Callisto.Module.Assets.ModelFactory::CreateAssetViewModel(Callisto.Module.Assets.Repository.Models.AssetTreeModel)
FNDA:0,Callisto.SharedModels.Assets.ViewModels.AssetTreeViewModel Callisto.Module.Assets.ModelFactory::CreateAssetViewModel(Callisto.Module.Assets.Repository.Models.AssetTreeModel)
DA:127,0
DA:128,0
DA:129,0
DA:130,0
DA:131,0
DA:132,0
DA:133,0
DA:134,0
DA:135,0
DA:136,0
DA:137,0
LF:75
LH:0
BRF:12
BRH:0
FNF:7
FNH:0
end_of_record
SF:D:\Development\dotnet\callisto\src\Callisto.Module.Asset\Startup\IServiceCollectionExtensions.cs
FN:27,Microsoft.Extensions.DependencyInjection.IServiceCollection Callisto.Module.Assets.Startup.IServiceCollectionExtensions::AddCallistoAssets(Microsoft.Extensions.DependencyInjection.IServiceCollection)
FNDA:1,Microsoft.Extensions.DependencyInjection.IServiceCollection Callisto.Module.Assets.Startup.IServiceCollectionExtensions::AddCallistoAssets(Microsoft.Extensions.DependencyInjection.IServiceCollection)
DA:28,1
DA:29,1
DA:30,2
DA:31,2
DA:32,2
DA:33,2
DA:34,1
DA:35,1
DA:38,1
DA:39,1
BRDA:29,8,0,1
BRDA:29,8,1,1
LF:10
LH:10
BRF:2
BRH:2
FNF:1
FNH:1
end_of_record
SF:D:\Development\dotnet\callisto\src\Callisto.Module.Asset\Repository\AssetsDbContext.cs
FN:23,System.Void Callisto.Module.Assets.Repository.AssetDbContext::OnModelCreating(Microsoft.EntityFrameworkCore.ModelBuilder)
FNDA:0,System.Void Callisto.Module.Assets.Repository.AssetDbContext::OnModelCreating(Microsoft.EntityFrameworkCore.ModelBuilder)
DA:24,0
DA:25,0
DA:26,0
DA:27,0
DA:28,0
DA:29,0
DA:30,0
FN:34,Microsoft.EntityFrameworkCore.DbSet`1<Callisto.Module.Assets.Repository.Models.Asset> Callisto.Module.Assets.Repository.AssetDbContext::get_Assets()
FNDA:1,Microsoft.EntityFrameworkCore.DbSet`1<Callisto.Module.Assets.Repository.Models.Asset> Callisto.Module.Assets.Repository.AssetDbContext::get_Assets()
DA:35,1
FN:39,Microsoft.EntityFrameworkCore.DbSet`1<Callisto.Module.Assets.Repository.Models.AssetLocation> Callisto.Module.Assets.Repository.AssetDbContext::get_AssetLocations()
FNDA:1,Microsoft.EntityFrameworkCore.DbSet`1<Callisto.Module.Assets.Repository.Models.AssetLocation> Callisto.Module.Assets.Repository.AssetDbContext::get_AssetLocations()
DA:40,1
FN:14,System.Void Callisto.Module.Assets.Repository.AssetDbContext::.ctor(Microsoft.EntityFrameworkCore.DbContextOptions`1<Callisto.Module.Assets.Repository.AssetDbContext>)
FNDA:1,System.Void Callisto.Module.Assets.Repository.AssetDbContext::.ctor(Microsoft.EntityFrameworkCore.DbContextOptions`1<Callisto.Module.Assets.Repository.AssetDbContext>)
DA:15,1
DA:16,1
DA:17,1
LF:12
LH:5
BRF:0
BRH:0
FNF:4
FNH:3
end_of_record
SF:D:\Development\dotnet\callisto\src\Callisto.Module.Asset\Repository\AssetsRepository.cs
FN:23,System.Void Callisto.Module.Assets.Repository.AssetsRepository::.ctor(Callisto.Module.Assets.Repository.AssetDbContext)
FNDA:1,System.Void Callisto.Module.Assets.Repository.AssetsRepository::.ctor(Callisto.Module.Assets.Repository.AssetDbContext)
DA:24,1
DA:25,1
DA:26,1
FN:33,System.Void Callisto.Module.Assets.Repository.AssetsRepository/<AddAsset>d__1::MoveNext()
FNDA:0,System.Void Callisto.Module.Assets.Repository.AssetsRepository/<AddAsset>d__1::MoveNext()
DA:34,0
DA:35,0
DA:36,0
DA:37,0
BRDA:34,14,0,0
BRDA:35,75,0,0
BRDA:35,75,1,0
BRDA:36,191,0,0
BRDA:34,14,1,0
BRDA:36,191,1,0
FN:44,System.Void Callisto.Module.Assets.Repository.AssetsRepository/<AddAssetLocation>d__2::MoveNext()
FNDA:0,System.Void Callisto.Module.Assets.Repository.AssetsRepository/<AddAssetLocation>d__2::MoveNext()
DA:45,0
DA:46,0
DA:47,0
DA:48,0
DA:49,0
DA:50,0
DA:52,0
DA:53,0
DA:54,0
DA:55,0
DA:56,0
BRDA:46,319,0,0
BRDA:46,319,1,0
BRDA:47,434,0,0
BRDA:49,490,0,0
BRDA:49,490,1,0
BRDA:47,434,1,0
BRDA:55,636,0,0
BRDA:55,636,1,0
FN:63,System.Void Callisto.Module.Assets.Repository.AssetsRepository/<GetAssetLocationByAssetId>d__3::MoveNext()
FNDA:0,System.Void Callisto.Module.Assets.Repository.AssetsRepository/<GetAssetLocationByAssetId>d__3::MoveNext()
DA:64,0
DA:65,0
DA:66,0
BRDA:65,250,0,0
BRDA:65,250,1,0
FN:73,System.Void Callisto.Module.Assets.Repository.AssetsRepository/<GetAssetById>d__4::MoveNext()
FNDA:0,System.Void Callisto.Module.Assets.Repository.AssetsRepository/<GetAssetById>d__4::MoveNext()
DA:74,0
DA:75,0
DA:76,0
BRDA:75,188,0,0
BRDA:75,188,1,0
FN:83,System.Void Callisto.Module.Assets.Repository.AssetsRepository/<SaveAssetAsync>d__5::MoveNext()
FNDA:0,System.Void Callisto.Module.Assets.Repository.AssetsRepository/<SaveAssetAsync>d__5::MoveNext()
DA:84,0
DA:85,0
DA:86,0
DA:87,0
BRDA:86,81,0,0
BRDA:86,81,1,0
FN:94,System.Void Callisto.Module.Assets.Repository.AssetsRepository/<GetAssetChildren>d__6::MoveNext()
FNDA:0,System.Void Callisto.Module.Assets.Repository.AssetsRepository/<GetAssetChildren>d__6::MoveNext()
DA:95,0
DA:96,0
DA:97,0
BRDA:96,223,0,0
BRDA:96,223,1,0
FN:104,System.Void Callisto.Module.Assets.Repository.AssetsRepository/<RemoveAssetAsync>d__7::MoveNext()
FNDA:0,System.Void Callisto.Module.Assets.Repository.AssetsRepository/<RemoveAssetAsync>d__7::MoveNext()
DA:105,0
DA:106,0
DA:108,0
DA:109,0
DA:110,0
DA:111,0
DA:112,0
DA:114,0
DA:115,0
BRDA:105,14,0,0
BRDA:108,256,0,0
BRDA:108,256,1,0
BRDA:109,371,0,0
BRDA:109,371,1,0
BRDA:114,442,0,0
BRDA:105,14,1,0
BRDA:114,442,1,0
FN:122,System.Void Callisto.Module.Assets.Repository.AssetsRepository/<GetAssetById>d__8::MoveNext()
FNDA:0,System.Void Callisto.Module.Assets.Repository.AssetsRepository/<GetAssetById>d__8::MoveNext()
DA:123,0
DA:124,0
DA:125,0
BRDA:124,204,0,0
BRDA:124,204,1,0
FN:133,System.Void Callisto.Module.Assets.Repository.AssetsRepository/<GetAssetTree>d__9::MoveNext()
FNDA:0,System.Void Callisto.Module.Assets.Repository.AssetsRepository/<GetAssetTree>d__9::MoveNext()
DA:134,0
DA:135,0
DA:136,0
DA:137,0
DA:138,0
BRDA:135,116,0,0
BRDA:135,116,1,0
FN:145,System.Void Callisto.Module.Assets.Repository.AssetsRepository/<GetAssetTreeAll>d__10::MoveNext()
FNDA:0,System.Void Callisto.Module.Assets.Repository.AssetsRepository/<GetAssetTreeAll>d__10::MoveNext()
DA:146,0
DA:147,0
DA:148,0
DA:149,0
BRDA:147,89,0,0
BRDA:147,89,1,0
FN:157,System.Void Callisto.Module.Assets.Repository.AssetsRepository/<GetPotentialTreeParents>d__11::MoveNext()
FNDA:0,System.Void Callisto.Module.Assets.Repository.AssetsRepository/<GetPotentialTreeParents>d__11::MoveNext()
DA:158,0
DA:159,0
DA:160,0
DA:161,0
DA:162,0
BRDA:159,116,0,0
BRDA:159,116,1,0
FN:169,System.Void Callisto.Module.Assets.Repository.AssetsRepository/<GetBestAssetLocation>d__12::MoveNext()
FNDA:0,System.Void Callisto.Module.Assets.Repository.AssetsRepository/<GetBestAssetLocation>d__12::MoveNext()
DA:170,0
DA:171,0
DA:172,0
DA:173,0
BRDA:171,89,0,0
BRDA:171,89,1,0
LF:61
LH:3
BRF:40
BRH:0
FNF:13
FNH:1
end_of_record
SF:D:\Development\dotnet\callisto\src\Callisto.Module.Asset\Repository\Models\Asset.cs
FN:15,System.String Callisto.Module.Assets.Repository.Models.Asset::get_AssetNumber()
FNDA:0,System.String Callisto.Module.Assets.Repository.Models.Asset::get_AssetNumber()
DA:16,0
FN:20,System.String Callisto.Module.Assets.Repository.Models.Asset::get_Name()
FNDA:0,System.String Callisto.Module.Assets.Repository.Models.Asset::get_Name()
DA:21,0
FN:25,System.String Callisto.Module.Assets.Repository.Models.Asset::get_Description()
FNDA:0,System.String Callisto.Module.Assets.Repository.Models.Asset::get_Description()
DA:26,0
FN:30,System.Int64 Callisto.Module.Assets.Repository.Models.Asset::get_CompanyRefId()
FNDA:0,System.Int64 Callisto.Module.Assets.Repository.Models.Asset::get_CompanyRefId()
DA:31,0
FN:35,System.Nullable`1<System.Int64> Callisto.Module.Assets.Repository.Models.Asset::get_ParentRefId()
FNDA:0,System.Nullable`1<System.Int64> Callisto.Module.Assets.Repository.Models.Asset::get_ParentRefId()
DA:36,0
FN:40,System.String Callisto.Module.Assets.Repository.Models.Asset::get_PictureUrl()
FNDA:0,System.String Callisto.Module.Assets.Repository.Models.Asset::get_PictureUrl()
DA:41,0
LF:6
LH:0
BRF:0
BRH:0
FNF:6
FNH:0
end_of_record
SF:D:\Development\dotnet\callisto\src\Callisto.Module.Asset\Repository\Models\AssetLocation.cs
FN:17,System.Int64 Callisto.Module.Assets.Repository.Models.AssetLocation::get_AssetRefId()
FNDA:0,System.Int64 Callisto.Module.Assets.Repository.Models.AssetLocation::get_AssetRefId()
DA:18,0
FN:23,System.Int64 Callisto.Module.Assets.Repository.Models.AssetLocation::get_LocationRefId()
FNDA:0,System.Int64 Callisto.Module.Assets.Repository.Models.AssetLocation::get_LocationRefId()
DA:24,0
FN:28,System.Guid Callisto.Module.Assets.Repository.Models.AssetLocation::get_Id()
FNDA:0,System.Guid Callisto.Module.Assets.Repository.Models.AssetLocation::get_Id()
DA:29,0
FN:33,System.Nullable`1<System.DateTime> Callisto.Module.Assets.Repository.Models.AssetLocation::get_CreatedAt()
FNDA:0,System.Nullable`1<System.DateTime> Callisto.Module.Assets.Repository.Models.AssetLocation::get_CreatedAt()
DA:34,0
FN:38,System.Nullable`1<System.DateTime> Callisto.Module.Assets.Repository.Models.AssetLocation::get_ModifiedAt()
FNDA:0,System.Nullable`1<System.DateTime> Callisto.Module.Assets.Repository.Models.AssetLocation::get_ModifiedAt()
DA:39,0
LF:5
LH:0
BRF:0
BRH:0
FNF:5
FNH:0
end_of_record
SF:D:\Development\dotnet\callisto\src\Callisto.Module.Asset\Repository\Models\AssetModel.cs
FN:12,System.Guid Callisto.Module.Assets.Repository.Models.AssetModel::get_Id()
FNDA:0,System.Guid Callisto.Module.Assets.Repository.Models.AssetModel::get_Id()
DA:13,0
FN:17,System.String Callisto.Module.Assets.Repository.Models.AssetModel::get_AssetNumber()
FNDA:0,System.String Callisto.Module.Assets.Repository.Models.AssetModel::get_AssetNumber()
DA:18,0
FN:22,System.String Callisto.Module.Assets.Repository.Models.AssetModel::get_Name()
FNDA:0,System.String Callisto.Module.Assets.Repository.Models.AssetModel::get_Name()
DA:23,0
FN:27,System.String Callisto.Module.Assets.Repository.Models.AssetModel::get_Description()
FNDA:0,System.String Callisto.Module.Assets.Repository.Models.AssetModel::get_Description()
DA:28,0
LF:4
LH:0
BRF:0
BRH:0
FNF:4
FNH:0
end_of_record
SF:D:\Development\dotnet\callisto\src\Callisto.Module.Asset\Repository\Models\AssetTreeModel.cs
FN:12,System.Int64 Callisto.Module.Assets.Repository.Models.AssetTreeModel::get_RefId()
FNDA:0,System.Int64 Callisto.Module.Assets.Repository.Models.AssetTreeModel::get_RefId()
DA:13,0
FN:17,System.Guid Callisto.Module.Assets.Repository.Models.AssetTreeModel::get_Id()
FNDA:0,System.Guid Callisto.Module.Assets.Repository.Models.AssetTreeModel::get_Id()
DA:18,0
FN:22,System.String Callisto.Module.Assets.Repository.Models.AssetTreeModel::get_AssetNumber()
FNDA:0,System.String Callisto.Module.Assets.Repository.Models.AssetTreeModel::get_AssetNumber()
DA:23,0
FN:27,System.String Callisto.Module.Assets.Repository.Models.AssetTreeModel::get_Name()
FNDA:0,System.String Callisto.Module.Assets.Repository.Models.AssetTreeModel::get_Name()
DA:28,0
FN:32,System.String Callisto.Module.Assets.Repository.Models.AssetTreeModel::get_Description()
FNDA:0,System.String Callisto.Module.Assets.Repository.Models.AssetTreeModel::get_Description()
DA:33,0
FN:37,System.Int64 Callisto.Module.Assets.Repository.Models.AssetTreeModel::get_CompanyRefId()
FNDA:0,System.Int64 Callisto.Module.Assets.Repository.Models.AssetTreeModel::get_CompanyRefId()
DA:38,0
FN:42,System.Int32 Callisto.Module.Assets.Repository.Models.AssetTreeModel::get_Children()
FNDA:0,System.Int32 Callisto.Module.Assets.Repository.Models.AssetTreeModel::get_Children()
DA:43,0
FN:47,System.Nullable`1<System.Guid> Callisto.Module.Assets.Repository.Models.AssetTreeModel::get_ParentId()
FNDA:0,System.Nullable`1<System.Guid> Callisto.Module.Assets.Repository.Models.AssetTreeModel::get_ParentId()
DA:48,0
LF:8
LH:0
BRF:0
BRH:0
FNF:8
FNH:0
end_of_record
SF:D:\Development\dotnet\callisto\src\Callisto.Module.Authentication\AuthenticationModule.cs
FN:53,Callisto.SharedModels.Session.ICallistoSession Callisto.Module.Authentication.AuthenticationModule::get_Session()
FNDA:0,Callisto.SharedModels.Session.ICallistoSession Callisto.Module.Authentication.AuthenticationModule::get_Session()
DA:54,0
FN:58,Microsoft.Extensions.Logging.ILogger`1<Callisto.Module.Authentication.AuthenticationModule> Callisto.Module.Authentication.AuthenticationModule::get_Logger()
FNDA:0,Microsoft.Extensions.Logging.ILogger`1<Callisto.Module.Authentication.AuthenticationModule> Callisto.Module.Authentication.AuthenticationModule::get_Logger()
DA:59,0
FN:63,Microsoft.AspNetCore.Identity.UserManager`1<Callisto.Module.Authentication.Repository.Models.ApplicationUser> Callisto.Module.Authentication.AuthenticationModule::get_UserManager()
FNDA:0,Microsoft.AspNetCore.Identity.UserManager`1<Callisto.Module.Authentication.Repository.Models.ApplicationUser> Callisto.Module.Authentication.AuthenticationModule::get_UserManager()
DA:64,0
FN:68,Microsoft.AspNetCore.Identity.SignInManager`1<Callisto.Module.Authentication.Repository.Models.ApplicationUser> Callisto.Module.Authentication.AuthenticationModule::get_SignInManager()
FNDA:0,Microsoft.AspNetCore.Identity.SignInManager`1<Callisto.Module.Authentication.Repository.Models.ApplicationUser> Callisto.Module.Authentication.AuthenticationModule::get_SignInManager()
DA:69,0
FN:73,Callisto.Module.Authentication.Interfaces.IJwtFactory Callisto.Module.Authentication.AuthenticationModule::get_JwtFactory()
FNDA:0,Callisto.Module.Authentication.Interfaces.IJwtFactory Callisto.Module.Authentication.AuthenticationModule::get_JwtFactory()
DA:74,0
FN:78,Callisto.Module.Authentication.Options.JwtIssuerOptions Callisto.Module.Authentication.AuthenticationModule::get_JwtOptions()
FNDA:0,Callisto.Module.Authentication.Options.JwtIssuerOptions Callisto.Module.Authentication.AuthenticationModule::get_JwtOptions()
DA:79,0
FN:83,Callisto.Module.Authentication.Interfaces.IAuthenticationRepository Callisto.Module.Authentication.AuthenticationModule::get_AuthRepo()
FNDA:0,Callisto.Module.Authentication.Interfaces.IAuthenticationRepository Callisto.Module.Authentication.AuthenticationModule::get_AuthRepo()
DA:84,0
FN:538,System.String Callisto.Module.Authentication.AuthenticationModule::GenerateRandomPassword()
FNDA:0,System.String Callisto.Module.Authentication.AuthenticationModule::GenerateRandomPassword()
DA:539,0
DA:540,0
DA:541,0
DA:542,0
DA:543,0
DA:544,0
DA:545,0
DA:546,0
DA:547,0
DA:548,0
DA:549,0
DA:551,0
DA:552,0
DA:553,0
DA:554,0
DA:555,0
DA:556,0
DA:558,0
DA:559,0
DA:561,0
DA:562,0
DA:563,0
DA:565,0
DA:566,0
DA:567,0
DA:569,0
DA:570,0
DA:571,0
DA:573,0
DA:574,0
DA:575,0
DA:577,0
DA:578,0
DA:579,0
DA:580,0
DA:581,0
DA:582,0
DA:583,0
DA:585,0
DA:586,0
BRDA:540,13,0,0
BRDA:540,13,1,0
BRDA:541,33,0,0
BRDA:541,33,1,0
BRDA:561,155,0,0
BRDA:561,155,1,0
BRDA:565,210,0,0
BRDA:565,210,1,0
BRDA:569,265,0,0
BRDA:569,265,1,0
BRDA:573,320,0,0
BRDA:573,320,1,0
BRDA:577,474,1,0
BRDA:577,446,0,0
BRDA:577,446,1,0
BRDA:577,474,0,0
FN:39,System.Void Callisto.Module.Authentication.AuthenticationModule::.ctor(Callisto.SharedModels.Session.ICallistoSession,Microsoft.Extensions.Logging.ILogger`1<Callisto.Module.Authentication.AuthenticationModule>,Callisto.Module.Authentication.Interfaces.IAuthenticationRepository,Microsoft.AspNetCore.Identity.UserManager`1<Callisto.Module.Authentication.Repository.Models.ApplicationUser>,Microsoft.AspNetCore.Identity.SignInManager`1<Callisto.Module.Authentication.Repository.Models.ApplicationUser>,Callisto.Module.Authentication.Interfaces.IJwtFactory,Microsoft.Extensions.Options.IOptions`1<Callisto.Module.Authentication.Options.JwtIssuerOptions>)
FNDA:2,System.Void Callisto.Module.Authentication.AuthenticationModule::.ctor(Callisto.SharedModels.Session.ICallistoSession,Microsoft.Extensions.Logging.ILogger`1<Callisto.Module.Authentication.AuthenticationModule>,Callisto.Module.Authentication.Interfaces.IAuthenticationRepository,Microsoft.AspNetCore.Identity.UserManager`1<Callisto.Module.Authentication.Repository.Models.ApplicationUser>,Microsoft.AspNetCore.Identity.SignInManager`1<Callisto.Module.Authentication.Repository.Models.ApplicationUser>,Callisto.Module.Authentication.Interfaces.IJwtFactory,Microsoft.Extensions.Options.IOptions`1<Callisto.Module.Authentication.Options.JwtIssuerOptions>)
DA:40,2
DA:41,2
DA:42,2
DA:43,2
DA:44,2
DA:45,2
DA:46,2
DA:47,2
DA:48,2
DA:49,2
BRDA:48,57,0,0
BRDA:48,57,1,2
BRDA:48,70,0,0
BRDA:48,70,1,2
FN:119,System.String Callisto.Module.Authentication.AuthenticationModule/<>c::<RegisterUserAsync>b__22_0(Microsoft.AspNetCore.Identity.IdentityError)
FNDA:0,System.String Callisto.Module.Authentication.AuthenticationModule/<>c::<RegisterUserAsync>b__22_0(Microsoft.AspNetCore.Identity.IdentityError)
DA:120,0
FN:166,System.String Callisto.Module.Authentication.AuthenticationModule/<>c::<RegisterUserWithCurrentCompanyAsync>b__23_0(Microsoft.AspNetCore.Identity.IdentityError)
FNDA:0,System.String Callisto.Module.Authentication.AuthenticationModule/<>c::<RegisterUserWithCurrentCompanyAsync>b__23_0(Microsoft.AspNetCore.Identity.IdentityError)
DA:167,0
FN:331,System.String Callisto.Module.Authentication.AuthenticationModule/<>c::<ConfirmAccount>b__27_0(Microsoft.AspNetCore.Identity.IdentityError)
FNDA:0,System.String Callisto.Module.Authentication.AuthenticationModule/<>c::<ConfirmAccount>b__27_0(Microsoft.AspNetCore.Identity.IdentityError)
DA:332,0
FN:381,System.String Callisto.Module.Authentication.AuthenticationModule/<>c::<ResetAccount>b__28_0(Microsoft.AspNetCore.Identity.IdentityError)
FNDA:0,System.String Callisto.Module.Authentication.AuthenticationModule/<>c::<ResetAccount>b__28_0(Microsoft.AspNetCore.Identity.IdentityError)
DA:382,0
FN:91,System.Void Callisto.Module.Authentication.AuthenticationModule/<RegisterUserAsync>d__22::MoveNext()
FNDA:0,System.Void Callisto.Module.Authentication.AuthenticationModule/<RegisterUserAsync>d__22::MoveNext()
DA:92,0
DA:93,0
DA:95,0
DA:96,0
DA:97,0
DA:100,0
DA:101,0
DA:102,0
DA:105,0
DA:106,0
DA:108,0
DA:109,0
DA:110,0
DA:113,0
DA:114,0
DA:115,0
DA:117,0
DA:118,0
DA:119,0
DA:123,0
DA:124,0
DA:126,0
DA:128,0
DA:129,0
DA:131,0
DA:132,0
DA:134,0
DA:136,0
DA:138,0
DA:139,0
BRDA:92,16,0,0
BRDA:95,85,0,0
BRDA:95,85,1,0
BRDA:100,126,0,0
BRDA:100,126,1,0
BRDA:108,225,0,0
BRDA:108,225,1,0
BRDA:108,320,0,0
BRDA:108,320,1,0
BRDA:92,16,1,0
BRDA:113,375,0,0
BRDA:115,461,0,0
BRDA:113,375,1,0
BRDA:115,461,1,0
BRDA:117,588,0,0
BRDA:113,375,2,0
BRDA:117,588,1,0
BRDA:118,710,0,0
BRDA:120,735,0,0
BRDA:120,735,1,0
BRDA:118,710,1,0
BRDA:124,861,0,0
BRDA:113,375,3,0
BRDA:124,861,1,0
BRDA:126,1009,0,0
BRDA:113,375,4,0
BRDA:126,1009,1,0
BRDA:129,1148,0,0
BRDA:113,375,5,0
BRDA:129,1148,1,0
FN:146,System.Void Callisto.Module.Authentication.AuthenticationModule/<RegisterUserWithCurrentCompanyAsync>d__23::MoveNext()
FNDA:0,System.Void Callisto.Module.Authentication.AuthenticationModule/<RegisterUserWithCurrentCompanyAsync>d__23::MoveNext()
DA:147,0
DA:148,0
DA:150,0
DA:151,0
DA:152,0
DA:155,0
DA:156,0
DA:157,0
DA:160,0
DA:161,0
DA:162,0
DA:164,0
DA:165,0
DA:166,0
DA:170,0
DA:171,0
DA:173,0
DA:175,0
DA:177,0
DA:179,0
DA:181,0
BRDA:150,73,0,0
BRDA:150,73,1,0
BRDA:155,114,0,0
BRDA:155,114,1,0
BRDA:160,163,0,0
BRDA:164,268,0,0
BRDA:160,163,1,0
BRDA:164,268,1,0
BRDA:165,390,0,0
BRDA:167,415,0,0
BRDA:167,415,1,0
BRDA:165,390,1,0
BRDA:171,551,0,0
BRDA:160,163,2,0
BRDA:171,551,1,0
BRDA:173,672,0,0
BRDA:160,163,3,0
BRDA:173,672,1,0
BRDA:175,812,0,0
BRDA:160,163,4,0
BRDA:175,812,1,0
FN:203,System.Boolean Callisto.Module.Authentication.AuthenticationModule/<>c__DisplayClass24_0::<LoginWithSocialAsync>b__0(Microsoft.AspNetCore.Identity.UserLoginInfo)
FNDA:0,System.Boolean Callisto.Module.Authentication.AuthenticationModule/<>c__DisplayClass24_0::<LoginWithSocialAsync>b__0(Microsoft.AspNetCore.Identity.UserLoginInfo)
DA:204,0
FN:188,System.Void Callisto.Module.Authentication.AuthenticationModule/<LoginWithSocialAsync>d__24::MoveNext()
FNDA:0,System.Void Callisto.Module.Authentication.AuthenticationModule/<LoginWithSocialAsync>d__24::MoveNext()
DA:189,0
DA:190,0
DA:192,0
DA:193,0
DA:194,0
DA:195,0
DA:196,0
DA:197,0
DA:200,0
DA:201,0
DA:203,0
DA:205,0
DA:206,0
DA:207,0
DA:208,0
DA:209,0
DA:210,0
DA:212,0
DA:214,0
DA:215,0
DA:216,0
DA:217,0
DA:218,0
DA:219,0
DA:220,0
DA:223,0
DA:225,0
DA:228,0
DA:229,0
BRDA:190,152,0,0
BRDA:190,152,1,0
BRDA:192,266,0,0
BRDA:194,324,0,0
BRDA:194,324,1,0
BRDA:195,445,0,0
BRDA:195,445,1,0
BRDA:200,505,0,0
BRDA:200,505,1,0
BRDA:192,266,1,0
BRDA:203,652,0,0
BRDA:203,652,1,0
BRDA:205,802,0,0
BRDA:207,897,0,0
BRDA:207,897,1,0
BRDA:208,1018,0,0
BRDA:208,1018,1,0
BRDA:205,802,1,0
BRDA:214,1103,0,0
BRDA:214,1103,1,0
BRDA:215,1221,0,0
BRDA:217,1268,0,0
BRDA:217,1268,1,0
BRDA:218,1389,0,0
BRDA:218,1389,1,0
BRDA:215,1221,1,0
FN:236,System.Void Callisto.Module.Authentication.AuthenticationModule/<LoginUserAsync>d__25::MoveNext()
FNDA:0,System.Void Callisto.Module.Authentication.AuthenticationModule/<LoginUserAsync>d__25::MoveNext()
DA:237,0
DA:238,0
DA:239,0
DA:240,0
DA:243,0
DA:244,0
DA:245,0
DA:248,0
DA:249,0
DA:250,0
DA:253,0
DA:254,0
DA:255,0
DA:256,0
DA:257,0
DA:258,0
DA:259,0
DA:262,0
DA:264,0
DA:265,0
DA:267,0
DA:269,0
DA:271,0
DA:272,0
BRDA:238,63,0,0
BRDA:238,63,1,0
BRDA:243,114,0,0
BRDA:243,114,1,0
BRDA:248,180,0,0
BRDA:248,180,1,0
BRDA:249,297,0,0
BRDA:253,362,0,0
BRDA:253,362,1,0
BRDA:254,481,0,0
BRDA:256,528,0,0
BRDA:256,528,1,0
BRDA:257,650,0,0
BRDA:257,650,1,0
BRDA:265,761,0,0
BRDA:265,761,1,0
BRDA:254,481,1,0
BRDA:249,297,1,0
FN:279,System.Void Callisto.Module.Authentication.AuthenticationModule/<ResetPasswordAsync>d__26::MoveNext()
FNDA:1,System.Void Callisto.Module.Authentication.AuthenticationModule/<ResetPasswordAsync>d__26::MoveNext()
DA:280,1
DA:281,1
DA:282,1
DA:283,1
DA:286,0
DA:287,0
DA:288,0
DA:289,0
DA:291,0
DA:293,0
DA:295,0
DA:298,0
DA:299,1
BRDA:280,14,0,1
BRDA:281,39,0,1
BRDA:281,39,1,0
BRDA:286,98,0,0
BRDA:286,98,1,0
BRDA:287,213,0,0
BRDA:289,255,0,0
BRDA:280,14,1,0
BRDA:289,255,1,0
BRDA:287,213,1,0
FN:306,System.Void Callisto.Module.Authentication.AuthenticationModule/<ConfirmAccount>d__27::MoveNext()
FNDA:0,System.Void Callisto.Module.Authentication.AuthenticationModule/<ConfirmAccount>d__27::MoveNext()
DA:307,0
DA:308,0
DA:309,0
DA:310,0
DA:313,0
DA:314,0
DA:315,0
DA:318,0
DA:320,0
DA:321,0
DA:322,0
DA:325,0
DA:326,0
DA:327,0
DA:329,0
DA:330,0
DA:331,0
DA:335,0
DA:337,0
DA:339,0
DA:341,0
DA:342,0
DA:343,0
DA:344,0
DA:345,0
DA:348,0
DA:349,0
DA:351,0
DA:352,0
BRDA:307,16,0,0
BRDA:308,42,0,0
BRDA:308,42,1,0
BRDA:313,83,0,0
BRDA:313,83,1,0
BRDA:318,149,0,0
BRDA:318,149,1,0
BRDA:320,266,0,0
BRDA:320,266,1,0
BRDA:307,16,1,0
BRDA:325,306,0,0
BRDA:327,405,0,0
BRDA:325,306,1,0
BRDA:327,405,1,0
BRDA:329,527,0,0
BRDA:332,605,0,0
BRDA:332,605,1,0
BRDA:329,527,1,0
BRDA:335,692,0,0
BRDA:325,306,2,0
BRDA:335,692,1,0
BRDA:337,838,0,0
BRDA:325,306,3,0
BRDA:337,838,1,0
BRDA:339,979,0,0
BRDA:325,306,4,0
BRDA:339,979,1,0
BRDA:341,1094,0,0
BRDA:341,1094,1,0
BRDA:341,1117,0,0
BRDA:341,1117,1,0
FN:359,System.Void Callisto.Module.Authentication.AuthenticationModule/<ResetAccount>d__28::MoveNext()
FNDA:0,System.Void Callisto.Module.Authentication.AuthenticationModule/<ResetAccount>d__28::MoveNext()
DA:360,0
DA:361,0
DA:362,0
DA:363,0
DA:366,0
DA:367,0
DA:368,0
DA:371,0
DA:373,0
DA:374,0
DA:375,0
DA:378,0
DA:379,0
DA:380,0
DA:381,0
DA:385,0
DA:386,0
BRDA:360,14,0,0
BRDA:361,40,0,0
BRDA:361,40,1,0
BRDA:366,81,0,0
BRDA:366,81,1,0
BRDA:371,147,0,0
BRDA:371,147,1,0
BRDA:373,264,0,0
BRDA:373,264,1,0
BRDA:378,336,0,0
BRDA:360,14,1,0
BRDA:378,336,1,0
BRDA:379,458,0,0
BRDA:382,536,0,0
BRDA:382,536,1,0
BRDA:379,458,1,0
FN:393,System.Void Callisto.Module.Authentication.AuthenticationModule/<GetUserByNameAsync>d__29::MoveNext()
FNDA:0,System.Void Callisto.Module.Authentication.AuthenticationModule/<GetUserByNameAsync>d__29::MoveNext()
DA:394,0
DA:395,0
DA:396,0
BRDA:395,50,0,0
BRDA:395,50,1,0
FN:403,System.Void Callisto.Module.Authentication.AuthenticationModule/<GetUserId>d__30::MoveNext()
FNDA:0,System.Void Callisto.Module.Authentication.AuthenticationModule/<GetUserId>d__30::MoveNext()
DA:404,0
DA:405,0
DA:406,0
DA:407,0
DA:408,0
DA:411,0
DA:412,0
BRDA:405,50,0,0
BRDA:405,50,1,0
BRDA:406,164,0,0
BRDA:406,164,1,0
FN:419,System.Void Callisto.Module.Authentication.AuthenticationModule/<SignOutAsync>d__31::MoveNext()
FNDA:0,System.Void Callisto.Module.Authentication.AuthenticationModule/<SignOutAsync>d__31::MoveNext()
DA:420,0
DA:421,0
DA:422,0
DA:423,0
BRDA:421,44,0,0
BRDA:421,44,1,0
FN:430,System.Void Callisto.Module.Authentication.AuthenticationModule/<GetCompanyByRefId>d__32::MoveNext()
FNDA:0,System.Void Callisto.Module.Authentication.AuthenticationModule/<GetCompanyByRefId>d__32::MoveNext()
DA:431,0
DA:432,0
DA:434,0
DA:435,0
DA:436,0
DA:439,0
DA:440,0
BRDA:432,50,0,0
BRDA:432,50,1,0
BRDA:434,164,0,0
BRDA:434,164,1,0
FN:447,System.Void Callisto.Module.Authentication.AuthenticationModule/<UpdateNewProfileAsync>d__33::MoveNext()
FNDA:0,System.Void Callisto.Module.Authentication.AuthenticationModule/<UpdateNewProfileAsync>d__33::MoveNext()
DA:448,0
DA:449,0
DA:450,0
DA:451,0
DA:452,0
DA:455,0
DA:456,0
DA:457,0
DA:458,0
DA:461,0
DA:462,0
DA:463,0
DA:464,0
DA:467,0
DA:469,0
DA:470,0
DA:471,0
DA:473,0
DA:475,0
DA:477,0
DA:478,0
DA:480,0
DA:481,0
BRDA:449,102,0,0
BRDA:449,102,1,0
BRDA:450,216,0,0
BRDA:450,216,1,0
BRDA:455,276,0,0
BRDA:455,276,1,0
BRDA:456,392,0,0
BRDA:456,392,1,0
BRDA:461,468,0,0
BRDA:461,468,1,0
BRDA:462,584,0,0
BRDA:462,584,1,0
BRDA:469,654,0,0
BRDA:471,722,0,0
BRDA:469,654,1,0
BRDA:471,722,1,0
BRDA:473,837,0,0
BRDA:469,654,2,0
BRDA:473,837,1,0
BRDA:475,952,0,0
BRDA:469,654,3,0
BRDA:475,952,1,0
FN:488,System.Void Callisto.Module.Authentication.AuthenticationModule/<RemoveAccount>d__34::MoveNext()
FNDA:0,System.Void Callisto.Module.Authentication.AuthenticationModule/<RemoveAccount>d__34::MoveNext()
DA:489,0
DA:490,0
DA:491,0
DA:492,0
DA:493,0
DA:494,0
DA:495,0
BRDA:489,14,0,0
BRDA:490,61,0,0
BRDA:490,61,1,0
BRDA:491,173,0,0
BRDA:493,212,0,0
BRDA:489,14,1,0
BRDA:493,212,1,0
BRDA:491,173,1,0
FN:502,System.Void Callisto.Module.Authentication.AuthenticationModule/<RemoveSubscription>d__35::MoveNext()
FNDA:0,System.Void Callisto.Module.Authentication.AuthenticationModule/<RemoveSubscription>d__35::MoveNext()
DA:503,0
DA:504,0
DA:505,0
DA:506,0
DA:507,0
DA:508,0
DA:509,0
BRDA:503,14,0,0
BRDA:504,61,0,0
BRDA:504,61,1,0
BRDA:505,173,0,0
BRDA:507,231,0,0
BRDA:503,14,1,0
BRDA:507,231,1,0
BRDA:505,173,1,0
FN:517,System.Void Callisto.Module.Authentication.AuthenticationModule/<CreateSubscription>d__36::MoveNext()
FNDA:0,System.Void Callisto.Module.Authentication.AuthenticationModule/<CreateSubscription>d__36::MoveNext()
DA:518,0
DA:519,0
DA:521,0
DA:522,0
DA:523,0
DA:526,0
DA:528,0
DA:529,0
DA:531,0
DA:532,0
BRDA:519,84,0,0
BRDA:519,84,1,0
BRDA:521,243,0,0
BRDA:521,243,1,0
BRDA:521,337,0,0
BRDA:521,337,1,0
BRDA:526,397,0,0
BRDA:526,397,1,0
BRDA:529,575,0,0
BRDA:529,575,1,0
LF:293
LH:15
BRF:232
BRH:4
FNF:29
FNH:2
end_of_record
SF:D:\Development\dotnet\callisto\src\Callisto.Module.Authentication\JwtFactory.cs
FN:47,System.Security.Claims.Claim[] Callisto.Module.Authentication.JwtFactory::GetCalims(Callisto.SharedModels.Auth.ViewModels.UserViewModel)
FNDA:0,System.Security.Claims.Claim[] Callisto.Module.Authentication.JwtFactory::GetCalims(Callisto.SharedModels.Auth.ViewModels.UserViewModel)
DA:48,0
DA:49,0
DA:50,0
DA:51,0
DA:52,0
DA:53,0
DA:54,0
DA:55,0
DA:56,0
DA:57,0
DA:59,0
DA:60,0
BRDA:49,127,0,0
BRDA:49,127,1,0
FN:68,System.String Callisto.Module.Authentication.JwtFactory::GetToken(Callisto.SharedModels.Auth.ViewModels.UserViewModel)
FNDA:0,System.String Callisto.Module.Authentication.JwtFactory::GetToken(Callisto.SharedModels.Auth.ViewModels.UserViewModel)
DA:69,0
DA:70,0
DA:71,0
DA:73,0
DA:74,0
DA:75,0
DA:76,0
DA:77,0
DA:78,0
DA:79,0
DA:80,0
DA:81,0
FN:34,System.Void Callisto.Module.Authentication.JwtFactory::.ctor(Microsoft.Extensions.Options.IOptions`1<Callisto.Module.Authentication.Options.JwtIssuerOptions>)
FNDA:1,System.Void Callisto.Module.Authentication.JwtFactory::.ctor(Microsoft.Extensions.Options.IOptions`1<Callisto.Module.Authentication.Options.JwtIssuerOptions>)
DA:35,1
DA:36,1
DA:37,1
DA:38,1
FN:28,System.Void Callisto.Module.Authentication.JwtFactory::.cctor()
FNDA:1,System.Void Callisto.Module.Authentication.JwtFactory::.cctor()
DA:29,1
LF:29
LH:5
BRF:2
BRH:0
FNF:4
FNH:2
end_of_record
SF:D:\Development\dotnet\callisto\src\Callisto.Module.Authentication\ModelFactory.cs
FN:24,Callisto.Module.Authentication.Repository.Models.ApplicationUser Callisto.Module.Authentication.ModelFactory::CreateUser(Callisto.SharedModels.Auth.ViewModels.RegisterViewModel)
FNDA:0,Callisto.Module.Authentication.Repository.Models.ApplicationUser Callisto.Module.Authentication.ModelFactory::CreateUser(Callisto.SharedModels.Auth.ViewModels.RegisterViewModel)
DA:25,0
DA:26,0
DA:27,0
DA:28,0
DA:29,0
DA:30,0
DA:31,0
DA:32,0
DA:33,0
DA:34,0
DA:35,0
FN:41,Callisto.Module.Authentication.Repository.Models.Company Callisto.Module.Authentication.ModelFactory::CreateCompany()
FNDA:0,Callisto.Module.Authentication.Repository.Models.Company Callisto.Module.Authentication.ModelFactory::CreateCompany()
DA:42,0
DA:43,0
DA:44,0
DA:45,0
DA:46,0
DA:47,0
DA:48,0
DA:49,0
DA:50,0
DA:51,0
DA:52,0
DA:53,0
FN:60,Callisto.SharedModels.Auth.ViewModels.CompanyViewModel Callisto.Module.Authentication.ModelFactory::CreateCompany(Callisto.Module.Authentication.Repository.Models.Company)
FNDA:0,Callisto.SharedModels.Auth.ViewModels.CompanyViewModel Callisto.Module.Authentication.ModelFactory::CreateCompany(Callisto.Module.Authentication.Repository.Models.Company)
DA:61,0
DA:62,0
DA:63,0
DA:64,0
DA:65,0
DA:66,0
DA:67,0
DA:68,0
FN:75,Callisto.Module.Authentication.Repository.Models.Subscription Callisto.Module.Authentication.ModelFactory::CreateSubscription(System.Int64,System.String,Callisto.SharedModels.Auth.UserType)
FNDA:0,Callisto.Module.Authentication.Repository.Models.Subscription Callisto.Module.Authentication.ModelFactory::CreateSubscription(System.Int64,System.String,Callisto.SharedModels.Auth.UserType)
DA:76,0
DA:77,0
DA:78,0
DA:79,0
DA:80,0
DA:81,0
DA:82,0
DA:83,0
DA:84,0
DA:85,0
DA:86,0
DA:87,0
DA:88,0
DA:89,0
FN:96,Microsoft.AspNetCore.Identity.IdentityOptions Callisto.Module.Authentication.ModelFactory::CreateIdentityOptions(Callisto.Module.Authentication.Options.AuthOptions)
FNDA:1,Microsoft.AspNetCore.Identity.IdentityOptions Callisto.Module.Authentication.ModelFactory::CreateIdentityOptions(Callisto.Module.Authentication.Options.AuthOptions)
DA:97,1
DA:98,1
DA:99,1
DA:100,1
DA:101,1
DA:102,1
DA:103,1
DA:104,1
DA:105,1
DA:106,1
DA:107,1
DA:108,1
DA:109,1
DA:110,1
DA:111,1
DA:112,1
DA:113,1
FN:121,Microsoft.AspNetCore.Authentication.JwtBearer.JwtBearerOptions Callisto.Module.Authentication.ModelFactory::CreateBearerOptions(Callisto.Module.Authentication.Options.JwtIssuerOptions,Microsoft.IdentityModel.Tokens.SecurityKey)
FNDA:0,Microsoft.AspNetCore.Authentication.JwtBearer.JwtBearerOptions Callisto.Module.Authentication.ModelFactory::CreateBearerOptions(Callisto.Module.Authentication.Options.JwtIssuerOptions,Microsoft.IdentityModel.Tokens.SecurityKey)
DA:122,0
DA:123,0
DA:124,0
DA:125,0
DA:126,0
DA:127,0
DA:128,0
DA:129,0
DA:130,0
DA:131,0
DA:132,0
DA:133,0
DA:134,0
DA:135,0
DA:136,0
DA:137,0
DA:138,0
DA:139,0
DA:140,0
FN:148,System.Void Callisto.Module.Authentication.ModelFactory::UpdateNewUserDetails(Callisto.Module.Authentication.Repository.Models.ApplicationUser,Callisto.Module.Authentication.Repository.Models.Company,Callisto.Module.Authentication.Repository.Models.Subscription,Callisto.SharedModels.Auth.ViewModels.NewAccountViewModel)
FNDA:0,System.Void Callisto.Module.Authentication.ModelFactory::UpdateNewUserDetails(Callisto.Module.Authentication.Repository.Models.ApplicationUser,Callisto.Module.Authentication.Repository.Models.Company,Callisto.Module.Authentication.Repository.Models.Subscription,Callisto.SharedModels.Auth.ViewModels.NewAccountViewModel)
DA:149,0
DA:150,0
DA:151,0
DA:153,0
DA:155,0
DA:156,0
DA:157,0
DA:158,0
DA:159,0
DA:160,0
DA:161,0
BRDA:155,46,0,0
BRDA:155,46,1,0
BRDA:155,71,0,0
BRDA:155,71,1,0
FN:168,Callisto.SharedModels.Auth.ViewModels.RegisterViewModel Callisto.Module.Authentication.ModelFactory::CreateRegistration(Callisto.SharedModels.Auth.ViewModels.SocialLoginViewModel,System.String)
FNDA:0,Callisto.SharedModels.Auth.ViewModels.RegisterViewModel Callisto.Module.Authentication.ModelFactory::CreateRegistration(Callisto.SharedModels.Auth.ViewModels.SocialLoginViewModel,System.String)
DA:169,0
DA:170,0
DA:171,0
DA:172,0
DA:173,0
DA:174,0
DA:175,0
DA:176,0
FN:178,System.Void Callisto.Module.Authentication.ModelFactory::SetSuccessLogin(Callisto.Module.Authentication.Repository.Models.ApplicationUser,System.Int64)
FNDA:0,System.Void Callisto.Module.Authentication.ModelFactory::SetSuccessLogin(Callisto.Module.Authentication.Repository.Models.ApplicationUser,System.Int64)
DA:179,0
DA:180,0
DA:181,0
DA:182,0
FN:184,System.Void Callisto.Module.Authentication.ModelFactory::SetFailedLogin(Callisto.Module.Authentication.Repository.Models.ApplicationUser,System.Int64)
FNDA:0,System.Void Callisto.Module.Authentication.ModelFactory::SetFailedLogin(Callisto.Module.Authentication.Repository.Models.ApplicationUser,System.Int64)
DA:185,0
DA:186,0
DA:187,0
LF:107
LH:17
BRF:4
BRH:0
FNF:10
FNH:1
end_of_record
SF:D:\Development\dotnet\callisto\src\Callisto.Module.Authentication\Startup\IServiceCollectionExtensions.cs
FN:37,Microsoft.Extensions.DependencyInjection.IServiceCollection Callisto.Module.Authentication.Startup.IServiceCollectionExtensions::AddCallistoAuthentication(Microsoft.Extensions.DependencyInjection.IServiceCollection,Callisto.Module.Authentication.Options.AuthOptions,Callisto.Module.Authentication.Options.JwtIssuerOptions)
FNDA:1,Microsoft.Extensions.DependencyInjection.IServiceCollection Callisto.Module.Authentication.Startup.IServiceCollectionExtensions::AddCallistoAuthentication(Microsoft.Extensions.DependencyInjection.IServiceCollection,Callisto.Module.Authentication.Options.AuthOptions,Callisto.Module.Authentication.Options.JwtIssuerOptions)
DA:38,1
DA:39,1
DA:40,3
DA:41,3
DA:42,3
DA:43,3
DA:45,2
DA:46,1
DA:47,1
DA:49,1
DA:50,1
DA:52,1
DA:53,2
DA:54,2
DA:55,2
DA:56,2
DA:57,2
DA:58,1
DA:59,2
DA:60,2
DA:61,2
DA:62,2
DA:63,2
DA:64,2
DA:65,2
DA:66,2
DA:67,2
DA:68,2
DA:69,2
DA:70,2
DA:72,1
DA:73,1
DA:75,1
DA:76,1
BRDA:39,28,0,1
BRDA:39,28,1,1
BRDA:52,111,0,1
BRDA:52,111,1,1
BRDA:73,173,0,1
BRDA:73,173,1,1
LF:34
LH:34
BRF:6
BRH:6
FNF:1
FNH:1
end_of_record
SF:D:\Development\dotnet\callisto\src\Callisto.Module.Authentication\Repository\ApplicationDbContext.cs
FN:25,System.Void Callisto.Module.Authentication.Repository.ApplicationDbContext::OnModelCreating(Microsoft.EntityFrameworkCore.ModelBuilder)
FNDA:0,System.Void Callisto.Module.Authentication.Repository.ApplicationDbContext::OnModelCreating(Microsoft.EntityFrameworkCore.ModelBuilder)
DA:26,0
DA:27,0
DA:28,0
FN:32,Microsoft.EntityFrameworkCore.DbSet`1<Callisto.Module.Authentication.Repository.Models.Company> Callisto.Module.Authentication.Repository.ApplicationDbContext::get_Companies()
FNDA:2,Microsoft.EntityFrameworkCore.DbSet`1<Callisto.Module.Authentication.Repository.Models.Company> Callisto.Module.Authentication.Repository.ApplicationDbContext::get_Companies()
DA:33,2
FN:37,Microsoft.EntityFrameworkCore.DbSet`1<Callisto.Module.Authentication.Repository.Models.Subscription> Callisto.Module.Authentication.Repository.ApplicationDbContext::get_Subscriptions()
FNDA:2,Microsoft.EntityFrameworkCore.DbSet`1<Callisto.Module.Authentication.Repository.Models.Subscription> Callisto.Module.Authentication.Repository.ApplicationDbContext::get_Subscriptions()
DA:38,2
FN:16,System.Void Callisto.Module.Authentication.Repository.ApplicationDbContext::.ctor(Microsoft.EntityFrameworkCore.DbContextOptions`1<Callisto.Module.Authentication.Repository.ApplicationDbContext>)
FNDA:2,System.Void Callisto.Module.Authentication.Repository.ApplicationDbContext::.ctor(Microsoft.EntityFrameworkCore.DbContextOptions`1<Callisto.Module.Authentication.Repository.ApplicationDbContext>)
DA:17,2
DA:18,2
DA:19,2
LF:8
LH:5
BRF:0
BRH:0
FNF:4
FNH:3
end_of_record
SF:D:\Development\dotnet\callisto\src\Callisto.Module.Authentication\Repository\AuthenticationRepository.cs
FN:33,Microsoft.EntityFrameworkCore.DbContextOptions`1<Callisto.Module.Authentication.Repository.ApplicationDbContext> Callisto.Module.Authentication.Repository.AuthenticationRepository::get_Options()
FNDA:0,Microsoft.EntityFrameworkCore.DbContextOptions`1<Callisto.Module.Authentication.Repository.ApplicationDbContext> Callisto.Module.Authentication.Repository.AuthenticationRepository::get_Options()
DA:34,0
[...]
DA:50,0
FN:54,System.String Callisto.SharedModels.Assets.ViewModels.AssetInfoViewModel::get_FormattedAddress()
FNDA:0,System.String Callisto.SharedModels.Assets.ViewModels.AssetInfoViewModel::get_FormattedAddress()
DA:55,0
FN:59,System.String Callisto.SharedModels.Assets.ViewModels.AssetInfoViewModel::get_PictureUrl()
FNDA:0,System.String Callisto.SharedModels.Assets.ViewModels.AssetInfoViewModel::get_PictureUrl()
DA:60,0
FN:70,System.Nullable`1<System.Guid> Callisto.SharedModels.Assets.ViewModels.AssetTreeViewModel::get_ParentId()
FNDA:0,System.Nullable`1<System.Guid> Callisto.SharedModels.Assets.ViewModels.AssetTreeViewModel::get_ParentId()
DA:71,0
FN:75,System.Int32 Callisto.SharedModels.Assets.ViewModels.AssetTreeViewModel::get_Children()
FNDA:0,System.Int32 Callisto.SharedModels.Assets.ViewModels.AssetTreeViewModel::get_Children()
DA:76,0
FN:86,System.Nullable`1<System.Guid> Callisto.SharedModels.Assets.ViewModels.AssetDetailViewModel::get_ParentId()
FNDA:0,System.Nullable`1<System.Guid> Callisto.SharedModels.Assets.ViewModels.AssetDetailViewModel::get_ParentId()
DA:87,0
FN:91,System.String Callisto.SharedModels.Assets.ViewModels.AssetDetailViewModel::get_PictureUrl()
FNDA:0,System.String Callisto.SharedModels.Assets.ViewModels.AssetDetailViewModel::get_PictureUrl()
DA:92,0
FN:96,Callisto.SharedModels.Location.ViewModels.LocationViewModel Callisto.SharedModels.Assets.ViewModels.AssetDetailViewModel::get_Location()
FNDA:0,Callisto.SharedModels.Location.ViewModels.LocationViewModel Callisto.SharedModels.Assets.ViewModels.AssetDetailViewModel::get_Location()
DA:97,0
LF:14
LH:0
BRF:0
BRH:0
FNF:14
FNH:0
end_of_record
SF:D:\Development\dotnet\callisto\test\Callisto.Test.Fixtures\obj\Debug\netcoreapp2.1\Callisto.Test.Fixtures.Program.cs
FN:3,System.Void AutoGeneratedProgram::Main(System.String[])
FNDA:0,System.Void AutoGeneratedProgram::Main(System.String[])
DA:4,0
LF:1
LH:0
BRF:0
BRH:0
FNF:1
FNH:0
end_of_record
SF:D:\Development\dotnet\callisto\test\Callisto.Test.Fixtures\SessionApiFixture.cs
FN:34,Microsoft.AspNetCore.TestHost.TestServer Callisto.Tests.SessionApiFixture`1::get_Server()
FNDA:3,Microsoft.AspNetCore.TestHost.TestServer Callisto.Tests.SessionApiFixture`1::get_Server()
DA:35,3
FN:39,System.Net.Http.HttpClient Callisto.Tests.SessionApiFixture`1::get_Client()
FNDA:6,System.Net.Http.HttpClient Callisto.Tests.SessionApiFixture`1::get_Client()
DA:40,6
FN:44,System.IServiceProvider Callisto.Tests.SessionApiFixture`1::get_Services()
FNDA:0,System.IServiceProvider Callisto.Tests.SessionApiFixture`1::get_Services()
DA:45,0
FN:49,Callisto.SharedModels.Session.ICallistoSession Callisto.Tests.SessionApiFixture`1::get_Session()
FNDA:16,Callisto.SharedModels.Session.ICallistoSession Callisto.Tests.SessionApiFixture`1::get_Session()
DA:50,16
FN:18,System.Void Callisto.Tests.SessionApiFixture`1::.ctor()
FNDA:1,System.Void Callisto.Tests.SessionApiFixture`1::.ctor()
DA:19,1
DA:20,1
DA:21,1
DA:22,1
DA:23,1
DA:25,1
DA:26,1
DA:27,1
DA:28,1
DA:30,1
LF:14
LH:13
BRF:0
BRH:0
FNF:5
FNH:4
end_of_record
SF:D:\Development\dotnet\callisto\test\Callisto.Test.Fixtures\AuthApiFixture.cs
FN:38,Microsoft.AspNetCore.TestHost.TestServer Callisto.Tests.Fixtures.AuthApiFixture`1::get_Server()
FNDA:0,Microsoft.AspNetCore.TestHost.TestServer Callisto.Tests.Fixtures.AuthApiFixture`1::get_Server()
DA:39,0
FN:43,Callisto.Module.Authentication.Repository.ApplicationDbContext Callisto.Tests.Fixtures.AuthApiFixture`1::get_Context()
FNDA:0,Callisto.Module.Authentication.Repository.ApplicationDbContext Callisto.Tests.Fixtures.AuthApiFixture`1::get_Context()
DA:44,0
FN:48,Microsoft.AspNetCore.Identity.UserManager`1<Callisto.Module.Authentication.Repository.Models.ApplicationUser> Callisto.Tests.Fixtures.AuthApiFixture`1::get_UserManager()
FNDA:0,Microsoft.AspNetCore.Identity.UserManager`1<Callisto.Module.Authentication.Repository.Models.ApplicationUser> Callisto.Tests.Fixtures.AuthApiFixture`1::get_UserManager()
DA:49,0
FN:53,Microsoft.AspNetCore.Identity.SignInManager`1<Callisto.Module.Authentication.Repository.Models.ApplicationUser> Callisto.Tests.Fixtures.AuthApiFixture`1::get_SignInManger()
FNDA:0,Microsoft.AspNetCore.Identity.SignInManager`1<Callisto.Module.Authentication.Repository.Models.ApplicationUser> Callisto.Tests.Fixtures.AuthApiFixture`1::get_SignInManger()
DA:54,0
FN:58,Callisto.SharedModels.Session.ICallistoSession Callisto.Tests.Fixtures.AuthApiFixture`1::get_Session()
FNDA:0,Callisto.SharedModels.Session.ICallistoSession Callisto.Tests.Fixtures.AuthApiFixture`1::get_Session()
DA:59,0
FN:66,TX Callisto.Tests.Fixtures.AuthApiFixture`1::GetService()
FNDA:0,TX Callisto.Tests.Fixtures.AuthApiFixture`1::GetService()
DA:67,0
DA:68,0
DA:69,0
FN:73,System.Net.Http.HttpClient Callisto.Tests.Fixtures.AuthApiFixture`1::get_Client()
FNDA:0,System.Net.Http.HttpClient Callisto.Tests.Fixtures.AuthApiFixture`1::get_Client()
DA:74,0
FN:78,System.IServiceProvider Callisto.Tests.Fixtures.AuthApiFixture`1::get_Services()
FNDA:0,System.IServiceProvider Callisto.Tests.Fixtures.AuthApiFixture`1::get_Services()
DA:79,0
FN:20,System.Void Callisto.Tests.Fixtures.AuthApiFixture`1::.ctor()
FNDA:0,System.Void Callisto.Tests.Fixtures.AuthApiFixture`1::.ctor()
DA:21,0
DA:22,0
DA:23,0
DA:24,0
DA:26,0
DA:28,0
DA:29,0
DA:30,0
DA:31,0
DA:32,0
DA:33,0
DA:34,0
LF:22
LH:0
BRF:0
BRH:0
FNF:9
FNH:0
end_of_record
SF:D:\Development\dotnet\callisto\src\Callisto.Web.Api\Program.cs
FN:17,System.Void Callisto.Web.Api.Program::Main(System.String[])
FNDA:0,System.Void Callisto.Web.Api.Program::Main(System.String[])
DA:18,0
DA:19,0
DA:20,0
FN:27,Microsoft.AspNetCore.Hosting.IWebHost Callisto.Web.Api.Program::BuildWebHost(System.String[])
FNDA:0,Microsoft.AspNetCore.Hosting.IWebHost Callisto.Web.Api.Program::BuildWebHost(System.String[])
DA:28,0
DA:29,0
DA:30,0
DA:31,0
DA:32,0
DA:33,0
LF:9
LH:0
BRF:0
BRH:0
FNF:2
FNH:0
end_of_record
SF:D:\Development\dotnet\callisto\src\Callisto.Web.Api\Startup.cs
FN:46,Microsoft.Extensions.Configuration.IConfiguration Callisto.Web.Api.Startup::get_Configuration()
FNDA:10,Microsoft.Extensions.Configuration.IConfiguration Callisto.Web.Api.Startup::get_Configuration()
DA:47,10
FN:53,System.Void Callisto.Web.Api.Startup::ConfigureServices(Microsoft.Extensions.DependencyInjection.IServiceCollection)
FNDA:1,System.Void Callisto.Web.Api.Startup::ConfigureServices(Microsoft.Extensions.DependencyInjection.IServiceCollection)
DA:54,1
DA:55,3
DA:57,1
DA:58,1
DA:60,1
DA:61,1
DA:62,1
DA:64,1
DA:65,1
DA:66,1
DA:67,1
DA:68,1
DA:70,1
DA:71,1
DA:72,1
DA:74,1
DA:76,1
DA:77,2
DA:78,2
DA:79,2
DA:80,3
DA:81,3
DA:82,3
DA:83,3
DA:84,3
DA:85,3
DA:86,3
DA:87,3
DA:88,2
DA:90,1
DA:91,1
DA:92,2
DA:93,1
BRDA:76,199,0,1
BRDA:76,199,1,1
BRDA:90,254,0,1
BRDA:90,254,1,1
FN:101,System.Void Callisto.Web.Api.Startup::Configure(Microsoft.AspNetCore.Builder.IApplicationBuilder,Microsoft.AspNetCore.Hosting.IHostingEnvironment,Microsoft.Extensions.Logging.ILoggerFactory)
FNDA:0,System.Void Callisto.Web.Api.Startup::Configure(Microsoft.AspNetCore.Builder.IApplicationBuilder,Microsoft.AspNetCore.Hosting.IHostingEnvironment,Microsoft.Extensions.Logging.ILoggerFactory)
DA:102,0
DA:103,0
DA:105,0
DA:106,0
DA:108,0
DA:110,0
DA:111,0
DA:113,0
DA:114,0
DA:116,0
DA:117,0
FN:38,System.Void Callisto.Web.Api.Startup::.ctor(Microsoft.Extensions.Configuration.IConfiguration)
FNDA:1,System.Void Callisto.Web.Api.Startup::.ctor(Microsoft.Extensions.Configuration.IConfiguration)
DA:39,1
DA:40,1
DA:41,1
DA:42,1
LF:49
LH:38
BRF:6
BRH:6
FNF:4
FNH:3
end_of_record
SF:D:\Development\dotnet\callisto\src\Callisto.Web.Api\Controllers\AssetController.cs
FN:32,Callisto.SharedModels.Session.ICallistoSession Callisto.Web.Api.Controllers.AssetController::get_CallistoSession()
FNDA:0,Callisto.SharedModels.Session.ICallistoSession Callisto.Web.Api.Controllers.AssetController::get_CallistoSession()
DA:33,0
FN:24,System.Void Callisto.Web.Api.Controllers.AssetController::.ctor(Callisto.SharedModels.Session.ICallistoSession)
FNDA:0,System.Void Callisto.Web.Api.Controllers.AssetController::.ctor(Callisto.SharedModels.Session.ICallistoSession)
DA:25,0
DA:26,0
DA:27,0
DA:28,0
FN:41,System.Void Callisto.Web.Api.Controllers.AssetController/<CreateAssetAsync>d__4::MoveNext()
FNDA:0,System.Void Callisto.Web.Api.Controllers.AssetController/<CreateAssetAsync>d__4::MoveNext()
DA:42,0
DA:43,0
DA:44,0
BRDA:43,55,0,0
BRDA:43,55,1,0
FN:53,System.Void Callisto.Web.Api.Controllers.AssetController/<UpdatePicutre>d__5::MoveNext()
FNDA:0,System.Void Callisto.Web.Api.Controllers.AssetController/<UpdatePicutre>d__5::MoveNext()
DA:54,0
DA:55,0
DA:56,0
BRDA:55,61,0,0
BRDA:55,61,1,0
FN:64,System.Void Callisto.Web.Api.Controllers.AssetController/<SaveAssetAsync>d__6::MoveNext()
FNDA:0,System.Void Callisto.Web.Api.Controllers.AssetController/<SaveAssetAsync>d__6::MoveNext()
DA:65,0
DA:66,0
DA:67,0
BRDA:66,55,0,0
BRDA:66,55,1,0
FN:75,System.Void Callisto.Web.Api.Controllers.AssetController/<UpdateParentAsync>d__7::MoveNext()
FNDA:0,System.Void Callisto.Web.Api.Controllers.AssetController/<UpdateParentAsync>d__7::MoveNext()
DA:76,0
DA:77,0
DA:78,0
BRDA:77,61,0,0
BRDA:77,61,1,0
FN:86,System.Void Callisto.Web.Api.Controllers.AssetController/<GetAssetAsync>d__8::MoveNext()
FNDA:0,System.Void Callisto.Web.Api.Controllers.AssetController/<GetAssetAsync>d__8::MoveNext()
DA:87,0
DA:88,0
DA:89,0
BRDA:88,55,0,0
BRDA:88,55,1,0
FN:97,System.Void Callisto.Web.Api.Controllers.AssetController/<GetAssetDetailAsync>d__9::MoveNext()
FNDA:0,System.Void Callisto.Web.Api.Controllers.AssetController/<GetAssetDetailAsync>d__9::MoveNext()
DA:98,0
DA:99,0
DA:100,0
BRDA:99,55,0,0
BRDA:99,55,1,0
FN:107,System.Void Callisto.Web.Api.Controllers.AssetController/<GetAssets>d__10::MoveNext()
FNDA:0,System.Void Callisto.Web.Api.Controllers.AssetController/<GetAssets>d__10::MoveNext()
DA:108,0
DA:109,0
DA:110,0
BRDA:109,55,0,0
BRDA:109,55,1,0
FN:117,System.Void Callisto.Web.Api.Controllers.AssetController/<GetAssetsAll>d__11::MoveNext()
FNDA:0,System.Void Callisto.Web.Api.Controllers.AssetController/<GetAssetsAll>d__11::MoveNext()
DA:118,0
DA:119,0
DA:120,0
BRDA:119,49,0,0
BRDA:119,49,1,0
FN:127,System.Void Callisto.Web.Api.Controllers.AssetController/<GetPotentialAssetTreeParents>d__12::MoveNext()
FNDA:0,System.Void Callisto.Web.Api.Controllers.AssetController/<GetPotentialAssetTreeParents>d__12::MoveNext()
DA:128,0
DA:129,0
DA:130,0
BRDA:129,55,0,0
BRDA:129,55,1,0
FN:138,System.Void Callisto.Web.Api.Controllers.AssetController/<RemoveAssetAsync>d__13::MoveNext()
FNDA:0,System.Void Callisto.Web.Api.Controllers.AssetController/<RemoveAssetAsync>d__13::MoveNext()
DA:139,0
DA:140,0
DA:141,0
BRDA:140,55,0,0
BRDA:140,55,1,0
LF:35
LH:0
BRF:20
BRH:0
FNF:12
FNH:0
end_of_record
SF:D:\Development\dotnet\callisto\src\Callisto.Web.Api\Controllers\AuthController.cs
FN:28,Callisto.SharedModels.Session.ICallistoSession Callisto.Web.Api.Controllers.AuthController::get_CallistoSession()
FNDA:1,Callisto.SharedModels.Session.ICallistoSession Callisto.Web.Api.Controllers.AuthController::get_CallistoSession()
DA:29,1
FN:20,System.Void Callisto.Web.Api.Controllers.AuthController::.ctor(Callisto.SharedModels.Session.ICallistoSession)
FNDA:1,System.Void Callisto.Web.Api.Controllers.AuthController::.ctor(Callisto.SharedModels.Session.ICallistoSession)
DA:21,1
DA:22,1
DA:23,1
DA:24,1
FN:37,System.Void Callisto.Web.Api.Controllers.AuthController/<LoginAsync>d__4::MoveNext()
FNDA:0,System.Void Callisto.Web.Api.Controllers.AuthController/<LoginAsync>d__4::MoveNext()
DA:38,0
DA:39,0
DA:40,0
BRDA:39,55,0,0
BRDA:39,55,1,0
FN:48,System.Void Callisto.Web.Api.Controllers.AuthController/<LoginWithSocialAsync>d__5::MoveNext()
FNDA:0,System.Void Callisto.Web.Api.Controllers.AuthController/<LoginWithSocialAsync>d__5::MoveNext()
DA:49,0
DA:50,0
DA:51,0
BRDA:50,55,0,0
BRDA:50,55,1,0
FN:59,System.Void Callisto.Web.Api.Controllers.AuthController/<SignUpAsync>d__6::MoveNext()
FNDA:0,System.Void Callisto.Web.Api.Controllers.AuthController/<SignUpAsync>d__6::MoveNext()
DA:60,0
DA:61,0
DA:62,0
DA:63,0
BRDA:61,55,0,0
BRDA:61,55,1,0
FN:72,System.Void Callisto.Web.Api.Controllers.AuthController/<ResetPassword>d__7::MoveNext()
FNDA:0,System.Void Callisto.Web.Api.Controllers.AuthController/<ResetPassword>d__7::MoveNext()
DA:73,0
DA:74,0
DA:75,0
BRDA:74,65,0,0
BRDA:74,65,1,0
FN:83,System.Void Callisto.Web.Api.Controllers.AuthController/<ForgotPassworod>d__8::MoveNext()
FNDA:1,System.Void Callisto.Web.Api.Controllers.AuthController/<ForgotPassworod>d__8::MoveNext()
DA:84,1
DA:85,1
DA:86,1
BRDA:85,55,0,0
BRDA:85,55,1,1
FN:94,System.Void Callisto.Web.Api.Controllers.AuthController/<GetUser>d__9::MoveNext()
FNDA:0,System.Void Callisto.Web.Api.Controllers.AuthController/<GetUser>d__9::MoveNext()
DA:95,0
DA:96,0
DA:97,0
BRDA:96,65,0,0
BRDA:96,65,1,0
FN:105,System.Void Callisto.Web.Api.Controllers.AuthController/<SignOut>d__10::MoveNext()
FNDA:0,System.Void Callisto.Web.Api.Controllers.AuthController/<SignOut>d__10::MoveNext()
DA:106,0
DA:107,0
DA:108,0
BRDA:107,65,0,0
BRDA:107,65,1,0
FN:116,System.Void Callisto.Web.Api.Controllers.AuthController/<ConfirmAccount>d__11::MoveNext()
FNDA:0,System.Void Callisto.Web.Api.Controllers.AuthController/<ConfirmAccount>d__11::MoveNext()
DA:117,0
DA:118,0
DA:119,0
BRDA:118,55,0,0
BRDA:118,55,1,0
FN:127,System.Void Callisto.Web.Api.Controllers.AuthController/<ResetAccount>d__12::MoveNext()
FNDA:0,System.Void Callisto.Web.Api.Controllers.AuthController/<ResetAccount>d__12::MoveNext()
DA:128,0
DA:129,0
DA:130,0
BRDA:129,55,0,0
BRDA:129,55,1,0
LF:33
LH:8
BRF:18
BRH:1
FNF:11
FNH:3
end_of_record
SF:D:\Development\dotnet\callisto\src\Callisto.Web.Api\Controllers\CustomerController.cs
FN:32,Callisto.SharedModels.Session.ICallistoSession Callisto.Web.Api.Controllers.CustomerController::get_CallistoSession()
FNDA:0,Callisto.SharedModels.Session.ICallistoSession Callisto.Web.Api.Controllers.CustomerController::get_CallistoSession()
DA:33,0
FN:24,System.Void Callisto.Web.Api.Controllers.CustomerController::.ctor(Callisto.SharedModels.Session.ICallistoSession)
FNDA:0,System.Void Callisto.Web.Api.Controllers.CustomerController::.ctor(Callisto.SharedModels.Session.ICallistoSession)
DA:25,0
DA:26,0
DA:27,0
DA:28,0
FN:41,System.Void Callisto.Web.Api.Controllers.CustomerController/<CreateCustomerMember>d__4::MoveNext()
FNDA:0,System.Void Callisto.Web.Api.Controllers.CustomerController/<CreateCustomerMember>d__4::MoveNext()
DA:42,0
DA:43,0
DA:44,0
BRDA:43,55,0,0
BRDA:43,55,1,0
FN:51,System.Void Callisto.Web.Api.Controllers.CustomerController/<GetCustomerMember>d__5::MoveNext()
FNDA:0,System.Void Callisto.Web.Api.Controllers.CustomerController/<GetCustomerMember>d__5::MoveNext()
DA:52,0
DA:53,0
DA:54,0
BRDA:53,49,0,0
BRDA:53,49,1,0
FN:62,System.Void Callisto.Web.Api.Controllers.CustomerController/<RemoveCustomerMember>d__6::MoveNext()
FNDA:0,System.Void Callisto.Web.Api.Controllers.CustomerController/<RemoveCustomerMember>d__6::MoveNext()
DA:63,0
DA:64,0
DA:65,0
BRDA:64,55,0,0
BRDA:64,55,1,0
FN:73,System.Void Callisto.Web.Api.Controllers.CustomerController/<UpdateNewProfile>d__7::MoveNext()
FNDA:0,System.Void Callisto.Web.Api.Controllers.CustomerController/<UpdateNewProfile>d__7::MoveNext()
DA:74,0
DA:75,0
DA:76,0
BRDA:75,55,0,0
BRDA:75,55,1,0
LF:17
LH:0
BRF:8
BRH:0
FNF:6
FNH:0
end_of_record
SF:D:\Development\dotnet\callisto\src\Callisto.Web.Api\Controllers\LocationController.cs
FN:31,Callisto.SharedModels.Session.ICallistoSession Callisto.Web.Api.Controllers.LocationController::get_CallistoSession()
FNDA:0,Callisto.SharedModels.Session.ICallistoSession Callisto.Web.Api.Controllers.LocationController::get_CallistoSession()
DA:32,0
FN:23,System.Void Callisto.Web.Api.Controllers.LocationController::.ctor(Callisto.SharedModels.Session.ICallistoSession)
FNDA:0,System.Void Callisto.Web.Api.Controllers.LocationController::.ctor(Callisto.SharedModels.Session.ICallistoSession)
DA:24,0
DA:25,0
DA:26,0
DA:27,0
FN:39,System.Void Callisto.Web.Api.Controllers.LocationController/<GetLocations>d__4::MoveNext()
FNDA:0,System.Void Callisto.Web.Api.Controllers.LocationController/<GetLocations>d__4::MoveNext()
DA:40,0
DA:41,0
DA:42,0
BRDA:41,49,0,0
BRDA:41,49,1,0
FN:50,System.Void Callisto.Web.Api.Controllers.LocationController/<Remove>d__5::MoveNext()
FNDA:0,System.Void Callisto.Web.Api.Controllers.LocationController/<Remove>d__5::MoveNext()
DA:51,0
DA:52,0
DA:53,0
BRDA:52,55,0,0
BRDA:52,55,1,0
FN:61,System.Void Callisto.Web.Api.Controllers.LocationController/<SaveLocation>d__6::MoveNext()
FNDA:0,System.Void Callisto.Web.Api.Controllers.LocationController/<SaveLocation>d__6::MoveNext()
DA:62,0
DA:63,0
DA:64,0
BRDA:63,55,0,0
BRDA:63,55,1,0
LF:14
LH:0
BRF:6
BRH:0
FNF:5
FNH:0
end_of_record
SF:D:\Development\dotnet\callisto\src\Callisto.Web.Api\Controllers\TeamController.cs
FN:32,Callisto.SharedModels.Session.ICallistoSession Callisto.Web.Api.Controllers.TeamController::get_CallistoSession()
FNDA:0,Callisto.SharedModels.Session.ICallistoSession Callisto.Web.Api.Controllers.TeamController::get_CallistoSession()
DA:33,0
FN:24,System.Void Callisto.Web.Api.Controllers.TeamController::.ctor(Callisto.SharedModels.Session.ICallistoSession)
FNDA:0,System.Void Callisto.Web.Api.Controllers.TeamController::.ctor(Callisto.SharedModels.Session.ICallistoSession)
DA:25,0
DA:26,0
DA:27,0
DA:28,0
FN:41,System.Void Callisto.Web.Api.Controllers.TeamController/<CreateTeamMember>d__4::MoveNext()
FNDA:0,System.Void Callisto.Web.Api.Controllers.TeamController/<CreateTeamMember>d__4::MoveNext()
DA:42,0
DA:43,0
DA:44,0
BRDA:43,55,0,0
BRDA:43,55,1,0
FN:51,System.Void Callisto.Web.Api.Controllers.TeamController/<GetTeamMember>d__5::MoveNext()
FNDA:0,System.Void Callisto.Web.Api.Controllers.TeamController/<GetTeamMember>d__5::MoveNext()
DA:52,0
DA:53,0
DA:54,0
BRDA:53,49,0,0
BRDA:53,49,1,0
FN:62,System.Void Callisto.Web.Api.Controllers.TeamController/<RemoveTeamMember>d__6::MoveNext()
FNDA:0,System.Void Callisto.Web.Api.Controllers.TeamController/<RemoveTeamMember>d__6::MoveNext()
DA:63,0
DA:64,0
DA:65,0
BRDA:64,55,0,0
BRDA:64,55,1,0
FN:73,System.Void Callisto.Web.Api.Controllers.TeamController/<UpdateNewProfile>d__7::MoveNext()
FNDA:0,System.Void Callisto.Web.Api.Controllers.TeamController/<UpdateNewProfile>d__7::MoveNext()
DA:74,0
DA:75,0
DA:76,0
BRDA:75,55,0,0
BRDA:75,55,1,0
LF:17
LH:0
BRF:8
BRH:0
FNF:6
FNH:0
end_of_record
SF:D:\Development\dotnet\callisto\src\Callisto.Web.Api\Controllers\VendorController.cs
FN:32,Callisto.SharedModels.Session.ICallistoSession Callisto.Web.Api.Controllers.VendorController::get_CallistoSession()
FNDA:0,Callisto.SharedModels.Session.ICallistoSession Callisto.Web.Api.Controllers.VendorController::get_CallistoSession()
DA:33,0
FN:24,System.Void Callisto.Web.Api.Controllers.VendorController::.ctor(Callisto.SharedModels.Session.ICallistoSession)
FNDA:0,System.Void Callisto.Web.Api.Controllers.VendorController::.ctor(Callisto.SharedModels.Session.ICallistoSession)
DA:25,0
DA:26,0
DA:27,0
DA:28,0
FN:41,System.Void Callisto.Web.Api.Controllers.VendorController/<CreateVendorMember>d__4::MoveNext()
FNDA:0,System.Void Callisto.Web.Api.Controllers.VendorController/<CreateVendorMember>d__4::MoveNext()
DA:42,0
DA:43,0
DA:44,0
BRDA:43,55,0,0
BRDA:43,55,1,0
FN:51,System.Void Callisto.Web.Api.Controllers.VendorController/<GetVendorMember>d__5::MoveNext()
FNDA:0,System.Void Callisto.Web.Api.Controllers.VendorController/<GetVendorMember>d__5::MoveNext()
DA:52,0
DA:53,0
DA:54,0
BRDA:53,49,0,0
BRDA:53,49,1,0
FN:62,System.Void Callisto.Web.Api.Controllers.VendorController/<RemoveVendorMember>d__6::MoveNext()
FNDA:0,System.Void Callisto.Web.Api.Controllers.VendorController/<RemoveVendorMember>d__6::MoveNext()
DA:63,0
DA:64,0
DA:65,0
BRDA:64,55,0,0
BRDA:64,55,1,0
FN:73,System.Void Callisto.Web.Api.Controllers.VendorController/<UpdateNewProfile>d__7::MoveNext()
FNDA:0,System.Void Callisto.Web.Api.Controllers.VendorController/<UpdateNewProfile>d__7::MoveNext()
DA:74,0
DA:75,0
DA:76,0
BRDA:75,55,0,0
BRDA:75,55,1,0
LF:17
LH:0
BRF:8
BRH:0
FNF:6
FNH:0
end_of_record